2020-09-01 07:04:12 startup archives install
2020-09-01 07:04:12 install base-passwd:amd64 <none> 3.5.46
2020-09-01 07:04:12 status half-installed base-passwd:amd64 3.5.46
2020-09-01 07:04:13 status unpacked base-passwd:amd64 3.5.46
2020-09-01 07:04:13 configure base-passwd:amd64 3.5.46 3.5.46
2020-09-01 07:04:13 status half-configured base-passwd:amd64 3.5.46
2020-09-01 07:04:13 status installed base-passwd:amd64 3.5.46
2020-09-01 07:04:13 startup archives install
2020-09-01 07:04:14 install base-files:amd64 <none> 10.3+deb10u5
2020-09-01 07:04:14 status half-installed base-files:amd64 10.3+deb10u5
2020-09-01 07:04:14 status unpacked base-files:amd64 10.3+deb10u5
2020-09-01 07:04:14 configure base-files:amd64 10.3+deb10u5 10.3+deb10u5
2020-09-01 07:04:14 status half-configured base-files:amd64 10.3+deb10u5
2020-09-01 07:04:15 status installed base-files:amd64 10.3+deb10u5
2020-09-01 07:04:15 startup archives install
2020-09-01 07:04:15 upgrade dpkg 1.19.7 1.19.7
2020-09-01 07:04:15 status half-configured dpkg 1.19.7
2020-09-01 07:04:15 status unpacked dpkg 1.19.7
2020-09-01 07:04:15 status half-installed dpkg 1.19.7
2020-09-01 07:04:16 status unpacked dpkg:amd64 1.19.7
2020-09-01 07:04:16 configure dpkg:amd64 1.19.7 1.19.7
2020-09-01 07:04:17 status half-configured dpkg:amd64 1.19.7
2020-09-01 07:04:17 status installed dpkg:amd64 1.19.7
2020-09-01 07:04:17 startup archives install
2020-09-01 07:04:17 install libc6:amd64 <none> 2.28-10
2020-09-01 07:04:17 status half-installed libc6:amd64 2.28-10
2020-09-01 07:04:19 status unpacked libc6:amd64 2.28-10
2020-09-01 07:04:19 configure libc6:amd64 2.28-10 2.28-10
2020-09-01 07:04:19 status half-configured libc6:amd64 2.28-10
2020-09-01 07:04:19 status installed libc6:amd64 2.28-10
2020-09-01 07:04:19 startup archives install
2020-09-01 07:04:20 install perl-base:amd64 <none> 5.28.1-6+deb10u1
2020-09-01 07:04:20 status half-installed perl-base:amd64 5.28.1-6+deb10u1
2020-09-01 07:04:21 status unpacked perl-base:amd64 5.28.1-6+deb10u1
2020-09-01 07:04:21 configure perl-base:amd64 5.28.1-6+deb10u1 5.28.1-6+deb10u1
2020-09-01 07:04:21 status half-configured perl-base:amd64 5.28.1-6+deb10u1
2020-09-01 07:04:21 status installed perl-base:amd64 5.28.1-6+deb10u1
2020-09-01 07:04:21 startup archives install
2020-09-01 07:04:21 install mawk:amd64 <none> 1.3.3-17+b3
2020-09-01 07:04:21 status half-installed mawk:amd64 1.3.3-17+b3
2020-09-01 07:04:22 status unpacked mawk:amd64 1.3.3-17+b3
2020-09-01 07:04:22 configure mawk:amd64 1.3.3-17+b3 1.3.3-17+b3
2020-09-01 07:04:22 status half-configured mawk:amd64 1.3.3-17+b3
2020-09-01 07:04:22 status installed mawk:amd64 1.3.3-17+b3
2020-09-01 07:04:22 startup archives install
2020-09-01 07:04:23 install debconf:all <none> 1.5.71
2020-09-01 07:04:23 status half-installed debconf:all 1.5.71
2020-09-01 07:04:23 status unpacked debconf:all 1.5.71
2020-09-01 07:04:23 configure debconf:all 1.5.71 1.5.71
2020-09-01 07:04:24 status half-configured debconf:all 1.5.71
2020-09-01 07:04:24 status installed debconf:all 1.5.71
2020-09-01 07:04:24 startup archives unpack
2020-09-01 07:04:25 install libacl1:amd64 <none> 2.2.53-4
2020-09-01 07:04:25 status half-installed libacl1:amd64 2.2.53-4
2020-09-01 07:04:25 status unpacked libacl1:amd64 2.2.53-4
2020-09-01 07:04:26 install adduser:all <none> 3.118
2020-09-01 07:04:26 status half-installed adduser:all 3.118
2020-09-01 07:04:26 status unpacked adduser:all 3.118
2020-09-01 07:04:26 install apt:amd64 <none> 1.8.2.1
2020-09-01 07:04:26 status half-installed apt:amd64 1.8.2.1
2020-09-01 07:04:27 status unpacked apt:amd64 1.8.2.1
2020-09-01 07:04:27 install libapt-pkg5.0:amd64 <none> 1.8.2.1
2020-09-01 07:04:27 status half-installed libapt-pkg5.0:amd64 1.8.2.1
2020-09-01 07:04:28 status unpacked libapt-pkg5.0:amd64 1.8.2.1
2020-09-01 07:04:28 install libattr1:amd64 <none> 1:2.4.48-4
2020-09-01 07:04:28 status half-installed libattr1:amd64 1:2.4.48-4
2020-09-01 07:04:28 status unpacked libattr1:amd64 1:2.4.48-4
2020-09-01 07:04:29 install libaudit-common:all <none> 1:2.8.4-3
2020-09-01 07:04:29 status half-installed libaudit-common:all 1:2.8.4-3
2020-09-01 07:04:29 status unpacked libaudit-common:all 1:2.8.4-3
2020-09-01 07:04:29 install libaudit1:amd64 <none> 1:2.8.4-3
2020-09-01 07:04:29 status half-installed libaudit1:amd64 1:2.8.4-3
2020-09-01 07:04:30 status unpacked libaudit1:amd64 1:2.8.4-3
2020-09-01 07:04:30 upgrade base-files:amd64 10.3+deb10u5 10.3+deb10u5
2020-09-01 07:04:30 status half-configured base-files:amd64 10.3+deb10u5
2020-09-01 07:04:30 status unpacked base-files:amd64 10.3+deb10u5
2020-09-01 07:04:30 status half-installed base-files:amd64 10.3+deb10u5
2020-09-01 07:04:30 status unpacked base-files:amd64 10.3+deb10u5
2020-09-01 07:04:31 upgrade base-passwd:amd64 3.5.46 3.5.46
2020-09-01 07:04:31 status half-configured base-passwd:amd64 3.5.46
2020-09-01 07:04:31 status unpacked base-passwd:amd64 3.5.46
2020-09-01 07:04:31 status half-installed base-passwd:amd64 3.5.46
2020-09-01 07:04:31 status unpacked base-passwd:amd64 3.5.46
2020-09-01 07:04:32 install bash:amd64 <none> 5.0-4
2020-09-01 07:04:32 status half-installed bash:amd64 5.0-4
2020-09-01 07:04:32 status unpacked bash:amd64 5.0-4
2020-09-01 07:04:33 install libbz2-1.0:amd64 <none> 1.0.6-9.2~deb10u1
2020-09-01 07:04:33 status half-installed libbz2-1.0:amd64 1.0.6-9.2~deb10u1
2020-09-01 07:04:33 status unpacked libbz2-1.0:amd64 1.0.6-9.2~deb10u1
2020-09-01 07:04:33 install libdebconfclient0:amd64 <none> 0.249
2020-09-01 07:04:33 status half-installed libdebconfclient0:amd64 0.249
2020-09-01 07:04:33 status unpacked libdebconfclient0:amd64 0.249
2020-09-01 07:04:34 install coreutils:amd64 <none> 8.30-3
2020-09-01 07:04:34 status half-installed coreutils:amd64 8.30-3
2020-09-01 07:04:34 status unpacked coreutils:amd64 8.30-3
2020-09-01 07:04:35 install dash:amd64 <none> 0.5.10.2-5
2020-09-01 07:04:35 status half-installed dash:amd64 0.5.10.2-5
2020-09-01 07:04:35 status unpacked dash:amd64 0.5.10.2-5
2020-09-01 07:04:36 install libdb5.3:amd64 <none> 5.3.28+dfsg1-0.5
2020-09-01 07:04:36 status half-installed libdb5.3:amd64 5.3.28+dfsg1-0.5
2020-09-01 07:04:36 status unpacked libdb5.3:amd64 5.3.28+dfsg1-0.5
2020-09-01 07:04:36 upgrade debconf:all 1.5.71 1.5.71
2020-09-01 07:04:36 status half-configured debconf:all 1.5.71
2020-09-01 07:04:37 status unpacked debconf:all 1.5.71
2020-09-01 07:04:37 status half-installed debconf:all 1.5.71
2020-09-01 07:04:37 status unpacked debconf:all 1.5.71
2020-09-01 07:04:37 install debian-archive-keyring:all <none> 2019.1
2020-09-01 07:04:37 status half-installed debian-archive-keyring:all 2019.1
2020-09-01 07:04:38 status unpacked debian-archive-keyring:all 2019.1
2020-09-01 07:04:38 install debianutils:amd64 <none> 4.8.6.1
2020-09-01 07:04:38 status half-installed debianutils:amd64 4.8.6.1
2020-09-01 07:04:38 status unpacked debianutils:amd64 4.8.6.1
2020-09-01 07:04:39 install diffutils:amd64 <none> 1:3.7-3
2020-09-01 07:04:39 status half-installed diffutils:amd64 1:3.7-3
2020-09-01 07:04:39 status unpacked diffutils:amd64 1:3.7-3
2020-09-01 07:04:39 upgrade dpkg:amd64 1.19.7 1.19.7
2020-09-01 07:04:39 status half-configured dpkg:amd64 1.19.7
2020-09-01 07:04:39 status unpacked dpkg:amd64 1.19.7
2020-09-01 07:04:39 status half-installed dpkg:amd64 1.19.7
2020-09-01 07:04:40 status unpacked dpkg:amd64 1.19.7
2020-09-01 07:04:42 install e2fsprogs:amd64 <none> 1.44.5-1+deb10u3
2020-09-01 07:04:42 status half-installed e2fsprogs:amd64 1.44.5-1+deb10u3
2020-09-01 07:04:42 status unpacked e2fsprogs:amd64 1.44.5-1+deb10u3
2020-09-01 07:04:43 install libcom-err2:amd64 <none> 1.44.5-1+deb10u3
2020-09-01 07:04:43 status half-installed libcom-err2:amd64 1.44.5-1+deb10u3
2020-09-01 07:04:43 status unpacked libcom-err2:amd64 1.44.5-1+deb10u3
2020-09-01 07:04:43 install libext2fs2:amd64 <none> 1.44.5-1+deb10u3
2020-09-01 07:04:43 status half-installed libext2fs2:amd64 1.44.5-1+deb10u3
2020-09-01 07:04:43 status unpacked libext2fs2:amd64 1.44.5-1+deb10u3
2020-09-01 07:04:44 install libss2:amd64 <none> 1.44.5-1+deb10u3
2020-09-01 07:04:44 status half-installed libss2:amd64 1.44.5-1+deb10u3
2020-09-01 07:04:44 status unpacked libss2:amd64 1.44.5-1+deb10u3
2020-09-01 07:04:44 install findutils:amd64 <none> 4.6.0+git+20190209-2
2020-09-01 07:04:44 status half-installed findutils:amd64 4.6.0+git+20190209-2
2020-09-01 07:04:45 status unpacked findutils:amd64 4.6.0+git+20190209-2
2020-09-01 07:04:45 install gcc-8-base:amd64 <none> 8.3.0-6
2020-09-01 07:04:45 status half-installed gcc-8-base:amd64 8.3.0-6
2020-09-01 07:04:45 status unpacked gcc-8-base:amd64 8.3.0-6
2020-09-01 07:04:46 install libgcc1:amd64 <none> 1:8.3.0-6
2020-09-01 07:04:46 status half-installed libgcc1:amd64 1:8.3.0-6
2020-09-01 07:04:46 status unpacked libgcc1:amd64 1:8.3.0-6
2020-09-01 07:04:46 install libstdc++6:amd64 <none> 8.3.0-6
2020-09-01 07:04:46 status half-installed libstdc++6:amd64 8.3.0-6
2020-09-01 07:04:47 status unpacked libstdc++6:amd64 8.3.0-6
2020-09-01 07:04:47 install libc-bin:amd64 <none> 2.28-10
2020-09-01 07:04:47 status half-installed libc-bin:amd64 2.28-10
2020-09-01 07:04:48 status unpacked libc-bin:amd64 2.28-10
2020-09-01 07:04:48 upgrade libc6:amd64 2.28-10 2.28-10
2020-09-01 07:04:48 status half-configured libc6:amd64 2.28-10
2020-09-01 07:04:48 status unpacked libc6:amd64 2.28-10
2020-09-01 07:04:48 status half-installed libc6:amd64 2.28-10
2020-09-01 07:04:50 status unpacked libc6:amd64 2.28-10
2020-09-01 07:04:50 install libgmp10:amd64 <none> 2:6.1.2+dfsg-4
2020-09-01 07:04:50 status half-installed libgmp10:amd64 2:6.1.2+dfsg-4
2020-09-01 07:04:50 status unpacked libgmp10:amd64 2:6.1.2+dfsg-4
2020-09-01 07:04:50 install gpgv:amd64 <none> 2.2.12-1+deb10u1
2020-09-01 07:04:50 status half-installed gpgv:amd64 2.2.12-1+deb10u1
2020-09-01 07:04:51 status unpacked gpgv:amd64 2.2.12-1+deb10u1
2020-09-01 07:04:51 install libgnutls30:amd64 <none> 3.6.7-4+deb10u5
2020-09-01 07:04:51 status half-installed libgnutls30:amd64 3.6.7-4+deb10u5
2020-09-01 07:04:51 status unpacked libgnutls30:amd64 3.6.7-4+deb10u5
2020-09-01 07:04:52 install grep:amd64 <none> 3.3-1
2020-09-01 07:04:52 status half-installed grep:amd64 3.3-1
2020-09-01 07:04:52 status unpacked grep:amd64 3.3-1
2020-09-01 07:04:53 install gzip:amd64 <none> 1.9-3
2020-09-01 07:04:53 status half-installed gzip:amd64 1.9-3
2020-09-01 07:04:53 status unpacked gzip:amd64 1.9-3
2020-09-01 07:04:53 install hostname:amd64 <none> 3.21
2020-09-01 07:04:53 status half-installed hostname:amd64 3.21
2020-09-01 07:04:53 status unpacked hostname:amd64 3.21
2020-09-01 07:04:54 install init-system-helpers:all <none> 1.56+nmu1
2020-09-01 07:04:54 status half-installed init-system-helpers:all 1.56+nmu1
2020-09-01 07:04:54 status unpacked init-system-helpers:all 1.56+nmu1
2020-09-01 07:04:54 install libcap-ng0:amd64 <none> 0.7.9-2
2020-09-01 07:04:54 status half-installed libcap-ng0:amd64 0.7.9-2
2020-09-01 07:04:54 status unpacked libcap-ng0:amd64 0.7.9-2
2020-09-01 07:04:55 install libffi6:amd64 <none> 3.2.1-9
2020-09-01 07:04:55 status half-installed libffi6:amd64 3.2.1-9
2020-09-01 07:04:55 status unpacked libffi6:amd64 3.2.1-9
2020-09-01 07:04:55 install libgcrypt20:amd64 <none> 1.8.4-5
2020-09-01 07:04:55 status half-installed libgcrypt20:amd64 1.8.4-5
2020-09-01 07:04:56 status unpacked libgcrypt20:amd64 1.8.4-5
2020-09-01 07:04:56 install libgpg-error0:amd64 <none> 1.35-1
2020-09-01 07:04:56 status half-installed libgpg-error0:amd64 1.35-1
2020-09-01 07:04:56 status unpacked libgpg-error0:amd64 1.35-1
2020-09-01 07:04:57 install libidn2-0:amd64 <none> 2.0.5-1+deb10u1
2020-09-01 07:04:57 status half-installed libidn2-0:amd64 2.0.5-1+deb10u1
2020-09-01 07:04:57 status unpacked libidn2-0:amd64 2.0.5-1+deb10u1
2020-09-01 07:04:57 install libseccomp2:amd64 <none> 2.3.3-4
2020-09-01 07:04:57 status half-installed libseccomp2:amd64 2.3.3-4
2020-09-01 07:04:58 status unpacked libseccomp2:amd64 2.3.3-4
2020-09-01 07:04:58 install libselinux1:amd64 <none> 2.8-1+b1
2020-09-01 07:04:58 status half-installed libselinux1:amd64 2.8-1+b1
2020-09-01 07:04:58 status unpacked libselinux1:amd64 2.8-1+b1
2020-09-01 07:04:58 install libsemanage-common:all <none> 2.8-2
2020-09-01 07:04:58 status half-installed libsemanage-common:all 2.8-2
2020-09-01 07:04:59 status unpacked libsemanage-common:all 2.8-2
2020-09-01 07:04:59 install libsemanage1:amd64 <none> 2.8-2
2020-09-01 07:04:59 status half-installed libsemanage1:amd64 2.8-2
2020-09-01 07:04:59 status unpacked libsemanage1:amd64 2.8-2
2020-09-01 07:05:00 install libsepol1:amd64 <none> 2.8-1
2020-09-01 07:05:00 status half-installed libsepol1:amd64 2.8-1
2020-09-01 07:05:00 status unpacked libsepol1:amd64 2.8-1
2020-09-01 07:05:00 install libtasn1-6:amd64 <none> 4.13-3
2020-09-01 07:05:00 status half-installed libtasn1-6:amd64 4.13-3
2020-09-01 07:05:01 status unpacked libtasn1-6:amd64 4.13-3
2020-09-01 07:05:01 install libunistring2:amd64 <none> 0.9.10-1
2020-09-01 07:05:01 status half-installed libunistring2:amd64 0.9.10-1
2020-09-01 07:05:01 status unpacked libunistring2:amd64 0.9.10-1
2020-09-01 07:05:02 install libzstd1:amd64 <none> 1.3.8+dfsg-3
2020-09-01 07:05:02 status half-installed libzstd1:amd64 1.3.8+dfsg-3
2020-09-01 07:05:02 status unpacked libzstd1:amd64 1.3.8+dfsg-3
2020-09-01 07:05:02 install liblz4-1:amd64 <none> 1.8.3-1
2020-09-01 07:05:02 status half-installed liblz4-1:amd64 1.8.3-1
2020-09-01 07:05:02 status unpacked liblz4-1:amd64 1.8.3-1
2020-09-01 07:05:03 upgrade mawk:amd64 1.3.3-17+b3 1.3.3-17+b3
2020-09-01 07:05:03 status half-configured mawk:amd64 1.3.3-17+b3
2020-09-01 07:05:03 status unpacked mawk:amd64 1.3.3-17+b3
2020-09-01 07:05:03 status half-installed mawk:amd64 1.3.3-17+b3
2020-09-01 07:05:03 status unpacked mawk:amd64 1.3.3-17+b3
2020-09-01 07:05:04 install libncursesw6:amd64 <none> 6.1+20181013-2+deb10u2
2020-09-01 07:05:04 status half-installed libncursesw6:amd64 6.1+20181013-2+deb10u2
2020-09-01 07:05:04 status unpacked libncursesw6:amd64 6.1+20181013-2+deb10u2
2020-09-01 07:05:04 install libtinfo6:amd64 <none> 6.1+20181013-2+deb10u2
2020-09-01 07:05:04 status half-installed libtinfo6:amd64 6.1+20181013-2+deb10u2
2020-09-01 07:05:04 status unpacked libtinfo6:amd64 6.1+20181013-2+deb10u2
2020-09-01 07:05:05 install ncurses-base:all <none> 6.1+20181013-2+deb10u2
2020-09-01 07:05:05 status half-installed ncurses-base:all 6.1+20181013-2+deb10u2
2020-09-01 07:05:05 status unpacked ncurses-base:all 6.1+20181013-2+deb10u2
2020-09-01 07:05:05 install ncurses-bin:amd64 <none> 6.1+20181013-2+deb10u2
2020-09-01 07:05:05 status half-installed ncurses-bin:amd64 6.1+20181013-2+deb10u2
2020-09-01 07:05:05 status unpacked ncurses-bin:amd64 6.1+20181013-2+deb10u2
2020-09-01 07:05:06 install libhogweed4:amd64 <none> 3.4.1-1
2020-09-01 07:05:06 status half-installed libhogweed4:amd64 3.4.1-1
2020-09-01 07:05:06 status unpacked libhogweed4:amd64 3.4.1-1
2020-09-01 07:05:07 install libnettle6:amd64 <none> 3.4.1-1
2020-09-01 07:05:07 status half-installed libnettle6:amd64 3.4.1-1
2020-09-01 07:05:07 status unpacked libnettle6:amd64 3.4.1-1
2020-09-01 07:05:07 install libp11-kit0:amd64 <none> 0.23.15-2
2020-09-01 07:05:07 status half-installed libp11-kit0:amd64 0.23.15-2
2020-09-01 07:05:07 status unpacked libp11-kit0:amd64 0.23.15-2
2020-09-01 07:05:08 install libpam-modules:amd64 <none> 1.3.1-5
2020-09-01 07:05:08 status half-installed libpam-modules:amd64 1.3.1-5
2020-09-01 07:05:09 status unpacked libpam-modules:amd64 1.3.1-5
2020-09-01 07:05:09 install libpam-modules-bin:amd64 <none> 1.3.1-5
2020-09-01 07:05:09 status half-installed libpam-modules-bin:amd64 1.3.1-5
2020-09-01 07:05:09 status unpacked libpam-modules-bin:amd64 1.3.1-5
2020-09-01 07:05:09 install libpam-runtime:all <none> 1.3.1-5
2020-09-01 07:05:09 status half-installed libpam-runtime:all 1.3.1-5
2020-09-01 07:05:10 status unpacked libpam-runtime:all 1.3.1-5
2020-09-01 07:05:10 install libpam0g:amd64 <none> 1.3.1-5
2020-09-01 07:05:10 status half-installed libpam0g:amd64 1.3.1-5
2020-09-01 07:05:11 status unpacked libpam0g:amd64 1.3.1-5
2020-09-01 07:05:11 install libpcre3:amd64 <none> 2:8.39-12
2020-09-01 07:05:11 status half-installed libpcre3:amd64 2:8.39-12
2020-09-01 07:05:11 status unpacked libpcre3:amd64 2:8.39-12
2020-09-01 07:05:12 upgrade perl-base:amd64 5.28.1-6+deb10u1 5.28.1-6+deb10u1
2020-09-01 07:05:12 status half-configured perl-base:amd64 5.28.1-6+deb10u1
2020-09-01 07:05:12 status unpacked perl-base:amd64 5.28.1-6+deb10u1
2020-09-01 07:05:12 status half-installed perl-base:amd64 5.28.1-6+deb10u1
2020-09-01 07:05:12 status unpacked perl-base:amd64 5.28.1-6+deb10u1
2020-09-01 07:05:13 install sed:amd64 <none> 4.7-1
2020-09-01 07:05:13 status half-installed sed:amd64 4.7-1
2020-09-01 07:05:13 status unpacked sed:amd64 4.7-1
2020-09-01 07:05:13 install login:amd64 <none> 1:4.5-1.1
2020-09-01 07:05:13 status half-installed login:amd64 1:4.5-1.1
2020-09-01 07:05:14 status unpacked login:amd64 1:4.5-1.1
2020-09-01 07:05:14 install passwd:amd64 <none> 1:4.5-1.1
2020-09-01 07:05:14 status half-installed passwd:amd64 1:4.5-1.1
2020-09-01 07:05:15 status unpacked passwd:amd64 1:4.5-1.1
2020-09-01 07:05:15 install libsystemd0:amd64 <none> 241-7~deb10u4
2020-09-01 07:05:15 status half-installed libsystemd0:amd64 241-7~deb10u4
2020-09-01 07:05:15 status unpacked libsystemd0:amd64 241-7~deb10u4
2020-09-01 07:05:16 install libudev1:amd64 <none> 241-7~deb10u4
2020-09-01 07:05:16 status half-installed libudev1:amd64 241-7~deb10u4
2020-09-01 07:05:16 status unpacked libudev1:amd64 241-7~deb10u4
2020-09-01 07:05:16 install sysvinit-utils:amd64 <none> 2.93-8
2020-09-01 07:05:16 status half-installed sysvinit-utils:amd64 2.93-8
2020-09-01 07:05:17 status unpacked sysvinit-utils:amd64 2.93-8
2020-09-01 07:05:17 install tar:amd64 <none> 1.30+dfsg-6
2020-09-01 07:05:17 status half-installed tar:amd64 1.30+dfsg-6
2020-09-01 07:05:17 status unpacked tar:amd64 1.30+dfsg-6
2020-09-01 07:05:18 install tzdata:all <none> 2020a-0+deb10u1
2020-09-01 07:05:18 status half-installed tzdata:all 2020a-0+deb10u1
2020-09-01 07:05:18 status unpacked tzdata:all 2020a-0+deb10u1
2020-09-01 07:05:19 install bsdutils:amd64 <none> 1:2.33.1-0.1
2020-09-01 07:05:19 status half-installed bsdutils:amd64 1:2.33.1-0.1
2020-09-01 07:05:19 status unpacked bsdutils:amd64 1:2.33.1-0.1
2020-09-01 07:05:19 install fdisk:amd64 <none> 2.33.1-0.1
2020-09-01 07:05:19 status half-installed fdisk:amd64 2.33.1-0.1
2020-09-01 07:05:20 status unpacked fdisk:amd64 2.33.1-0.1
2020-09-01 07:05:20 install libblkid1:amd64 <none> 2.33.1-0.1
2020-09-01 07:05:20 status half-installed libblkid1:amd64 2.33.1-0.1
2020-09-01 07:05:20 status unpacked libblkid1:amd64 2.33.1-0.1
2020-09-01 07:05:21 install libfdisk1:amd64 <none> 2.33.1-0.1
2020-09-01 07:05:21 status half-installed libfdisk1:amd64 2.33.1-0.1
2020-09-01 07:05:21 status unpacked libfdisk1:amd64 2.33.1-0.1
2020-09-01 07:05:21 install libmount1:amd64 <none> 2.33.1-0.1
2020-09-01 07:05:21 status half-installed libmount1:amd64 2.33.1-0.1
2020-09-01 07:05:22 status unpacked libmount1:amd64 2.33.1-0.1
2020-09-01 07:05:22 install libsmartcols1:amd64 <none> 2.33.1-0.1
2020-09-01 07:05:22 status half-installed libsmartcols1:amd64 2.33.1-0.1
2020-09-01 07:05:22 status unpacked libsmartcols1:amd64 2.33.1-0.1
2020-09-01 07:05:23 install libuuid1:amd64 <none> 2.33.1-0.1
2020-09-01 07:05:23 status half-installed libuuid1:amd64 2.33.1-0.1
2020-09-01 07:05:23 status unpacked libuuid1:amd64 2.33.1-0.1
2020-09-01 07:05:24 install mount:amd64 <none> 2.33.1-0.1
2020-09-01 07:05:24 status half-installed mount:amd64 2.33.1-0.1
2020-09-01 07:05:24 status unpacked mount:amd64 2.33.1-0.1
2020-09-01 07:05:24 install util-linux:amd64 <none> 2.33.1-0.1
2020-09-01 07:05:24 status half-installed util-linux:amd64 2.33.1-0.1
2020-09-01 07:05:25 status unpacked util-linux:amd64 2.33.1-0.1
2020-09-01 07:05:25 install liblzma5:amd64 <none> 5.2.4-1
2020-09-01 07:05:25 status half-installed liblzma5:amd64 5.2.4-1
2020-09-01 07:05:25 status unpacked liblzma5:amd64 5.2.4-1
2020-09-01 07:05:26 install zlib1g:amd64 <none> 1:1.2.11.dfsg-1
2020-09-01 07:05:26 status half-installed zlib1g:amd64 1:1.2.11.dfsg-1
2020-09-01 07:05:26 status unpacked zlib1g:amd64 1:1.2.11.dfsg-1
2020-09-01 07:05:26 startup packages configure
2020-09-01 07:05:26 configure debian-archive-keyring:all 2019.1 <none>
2020-09-01 07:05:26 status unpacked debian-archive-keyring:all 2019.1
2020-09-01 07:05:27 status half-configured debian-archive-keyring:all 2019.1
2020-09-01 07:05:27 status installed debian-archive-keyring:all 2019.1
2020-09-01 07:05:27 configure libaudit-common:all 1:2.8.4-3 <none>
2020-09-01 07:05:27 status unpacked libaudit-common:all 1:2.8.4-3
2020-09-01 07:05:27 status half-configured libaudit-common:all 1:2.8.4-3
2020-09-01 07:05:27 status installed libaudit-common:all 1:2.8.4-3
2020-09-01 07:05:27 configure libsemanage-common:all 2.8-2 <none>
2020-09-01 07:05:27 status unpacked libsemanage-common:all 2.8-2
2020-09-01 07:05:27 status half-configured libsemanage-common:all 2.8-2
2020-09-01 07:05:28 status installed libsemanage-common:all 2.8-2
2020-09-01 07:05:28 configure ncurses-base:all 6.1+20181013-2+deb10u2 <none>
2020-09-01 07:05:28 status unpacked ncurses-base:all 6.1+20181013-2+deb10u2
2020-09-01 07:05:28 status half-configured ncurses-base:all 6.1+20181013-2+deb10u2
2020-09-01 07:05:28 status installed ncurses-base:all 6.1+20181013-2+deb10u2
2020-09-01 07:05:28 configure gcc-8-base:amd64 8.3.0-6 <none>
2020-09-01 07:05:28 status unpacked gcc-8-base:amd64 8.3.0-6
2020-09-01 07:05:28 status half-configured gcc-8-base:amd64 8.3.0-6
2020-09-01 07:05:28 status installed gcc-8-base:amd64 8.3.0-6
2020-09-01 07:05:28 configure libc6:amd64 2.28-10 <none>
2020-09-01 07:05:28 status unpacked libc6:amd64 2.28-10
2020-09-01 07:05:28 status half-configured libc6:amd64 2.28-10
2020-09-01 07:05:28 status installed libc6:amd64 2.28-10
2020-09-01 07:05:29 configure libudev1:amd64 241-7~deb10u4 <none>
2020-09-01 07:05:29 status unpacked libudev1:amd64 241-7~deb10u4
2020-09-01 07:05:29 status half-configured libudev1:amd64 241-7~deb10u4
2020-09-01 07:05:29 status installed libudev1:amd64 241-7~deb10u4
2020-09-01 07:05:29 configure libsepol1:amd64 2.8-1 <none>
2020-09-01 07:05:29 status unpacked libsepol1:amd64 2.8-1
2020-09-01 07:05:29 status half-configured libsepol1:amd64 2.8-1
2020-09-01 07:05:29 status installed libsepol1:amd64 2.8-1
2020-09-01 07:05:29 configure libattr1:amd64 1:2.4.48-4 <none>
2020-09-01 07:05:29 status unpacked libattr1:amd64 1:2.4.48-4
2020-09-01 07:05:29 status half-configured libattr1:amd64 1:2.4.48-4
2020-09-01 07:05:29 status installed libattr1:amd64 1:2.4.48-4
2020-09-01 07:05:29 configure libtasn1-6:amd64 4.13-3 <none>
2020-09-01 07:05:29 status unpacked libtasn1-6:amd64 4.13-3
2020-09-01 07:05:29 status half-configured libtasn1-6:amd64 4.13-3
2020-09-01 07:05:29 status installed libtasn1-6:amd64 4.13-3
2020-09-01 07:05:30 configure debianutils:amd64 4.8.6.1 <none>
2020-09-01 07:05:30 status unpacked debianutils:amd64 4.8.6.1
2020-09-01 07:05:30 status half-configured debianutils:amd64 4.8.6.1
2020-09-01 07:05:30 status installed debianutils:amd64 4.8.6.1
2020-09-01 07:05:30 configure mawk:amd64 1.3.3-17+b3 <none>
2020-09-01 07:05:30 status unpacked mawk:amd64 1.3.3-17+b3
2020-09-01 07:05:30 status half-configured mawk:amd64 1.3.3-17+b3
2020-09-01 07:05:30 status installed mawk:amd64 1.3.3-17+b3
2020-09-01 07:05:30 configure libdebconfclient0:amd64 0.249 <none>
2020-09-01 07:05:30 status unpacked libdebconfclient0:amd64 0.249
2020-09-01 07:05:30 status half-configured libdebconfclient0:amd64 0.249
2020-09-01 07:05:30 status installed libdebconfclient0:amd64 0.249
2020-09-01 07:05:30 configure base-files:amd64 10.3+deb10u5 <none>
2020-09-01 07:05:30 status unpacked base-files:amd64 10.3+deb10u5
2020-09-01 07:05:31 status half-configured base-files:amd64 10.3+deb10u5
2020-09-01 07:05:31 status installed base-files:amd64 10.3+deb10u5
2020-09-01 07:05:31 configure libbz2-1.0:amd64 1.0.6-9.2~deb10u1 <none>
2020-09-01 07:05:31 status unpacked libbz2-1.0:amd64 1.0.6-9.2~deb10u1
2020-09-01 07:05:31 status half-configured libbz2-1.0:amd64 1.0.6-9.2~deb10u1
2020-09-01 07:05:31 status installed libbz2-1.0:amd64 1.0.6-9.2~deb10u1
2020-09-01 07:05:31 configure base-passwd:amd64 3.5.46 <none>
2020-09-01 07:05:31 status unpacked base-passwd:amd64 3.5.46
2020-09-01 07:05:31 status half-configured base-passwd:amd64 3.5.46
2020-09-01 07:05:31 status installed base-passwd:amd64 3.5.46
2020-09-01 07:05:31 configure libdb5.3:amd64 5.3.28+dfsg1-0.5 <none>
2020-09-01 07:05:31 status unpacked libdb5.3:amd64 5.3.28+dfsg1-0.5
2020-09-01 07:05:31 status half-configured libdb5.3:amd64 5.3.28+dfsg1-0.5
2020-09-01 07:05:32 status installed libdb5.3:amd64 5.3.28+dfsg1-0.5
2020-09-01 07:05:32 configure libtinfo6:amd64 6.1+20181013-2+deb10u2 <none>
2020-09-01 07:05:32 status unpacked libtinfo6:amd64 6.1+20181013-2+deb10u2
2020-09-01 07:05:32 status half-configured libtinfo6:amd64 6.1+20181013-2+deb10u2
2020-09-01 07:05:32 status installed libtinfo6:amd64 6.1+20181013-2+deb10u2
2020-09-01 07:05:32 configure bash:amd64 5.0-4 <none>
2020-09-01 07:05:32 status unpacked bash:amd64 5.0-4
2020-09-01 07:05:32 status half-configured bash:amd64 5.0-4
2020-09-01 07:05:32 status installed bash:amd64 5.0-4
2020-09-01 07:05:32 configure libzstd1:amd64 1.3.8+dfsg-3 <none>
2020-09-01 07:05:32 status unpacked libzstd1:amd64 1.3.8+dfsg-3
2020-09-01 07:05:32 status half-configured libzstd1:amd64 1.3.8+dfsg-3
2020-09-01 07:05:32 status installed libzstd1:amd64 1.3.8+dfsg-3
2020-09-01 07:05:33 configure liblzma5:amd64 5.2.4-1 <none>
2020-09-01 07:05:33 status unpacked liblzma5:amd64 5.2.4-1
2020-09-01 07:05:33 status half-configured liblzma5:amd64 5.2.4-1
2020-09-01 07:05:33 status installed liblzma5:amd64 5.2.4-1
2020-09-01 07:05:33 configure libgpg-error0:amd64 1.35-1 <none>
2020-09-01 07:05:33 status unpacked libgpg-error0:amd64 1.35-1
2020-09-01 07:05:33 status half-configured libgpg-error0:amd64 1.35-1
2020-09-01 07:05:33 status installed libgpg-error0:amd64 1.35-1
2020-09-01 07:05:33 configure libgcc1:amd64 1:8.3.0-6 <none>
2020-09-01 07:05:33 status unpacked libgcc1:amd64 1:8.3.0-6
2020-09-01 07:05:33 status half-configured libgcc1:amd64 1:8.3.0-6
2020-09-01 07:05:33 status installed libgcc1:amd64 1:8.3.0-6
2020-09-01 07:05:33 configure liblz4-1:amd64 1.8.3-1 <none>
2020-09-01 07:05:33 status unpacked liblz4-1:amd64 1.8.3-1
2020-09-01 07:05:33 status half-configured liblz4-1:amd64 1.8.3-1
2020-09-01 07:05:33 status installed liblz4-1:amd64 1.8.3-1
2020-09-01 07:05:33 configure libc-bin:amd64 2.28-10 <none>
2020-09-01 07:05:33 status unpacked libc-bin:amd64 2.28-10
2020-09-01 07:05:34 status half-configured libc-bin:amd64 2.28-10
2020-09-01 07:05:34 status installed libc-bin:amd64 2.28-10
2020-09-01 07:05:34 configure ncurses-bin:amd64 6.1+20181013-2+deb10u2 <none>
2020-09-01 07:05:34 status unpacked ncurses-bin:amd64 6.1+20181013-2+deb10u2
2020-09-01 07:05:34 status half-configured ncurses-bin:amd64 6.1+20181013-2+deb10u2
2020-09-01 07:05:34 status installed ncurses-bin:amd64 6.1+20181013-2+deb10u2
2020-09-01 07:05:34 configure libacl1:amd64 2.2.53-4 <none>
2020-09-01 07:05:34 status triggers-pending libc-bin:amd64 2.28-10
2020-09-01 07:05:34 status unpacked libacl1:amd64 2.2.53-4
2020-09-01 07:05:34 status half-configured libacl1:amd64 2.2.53-4
2020-09-01 07:05:34 status installed libacl1:amd64 2.2.53-4
2020-09-01 07:05:34 configure libunistring2:amd64 0.9.10-1 <none>
2020-09-01 07:05:34 status unpacked libunistring2:amd64 0.9.10-1
2020-09-01 07:05:35 status half-configured libunistring2:amd64 0.9.10-1
2020-09-01 07:05:35 status installed libunistring2:amd64 0.9.10-1
2020-09-01 07:05:35 configure libsmartcols1:amd64 2.33.1-0.1 <none>
2020-09-01 07:05:35 status unpacked libsmartcols1:amd64 2.33.1-0.1
2020-09-01 07:05:35 status half-configured libsmartcols1:amd64 2.33.1-0.1
2020-09-01 07:05:35 status installed libsmartcols1:amd64 2.33.1-0.1
2020-09-01 07:05:35 configure libgcrypt20:amd64 1.8.4-5 <none>
2020-09-01 07:05:35 status unpacked libgcrypt20:amd64 1.8.4-5
2020-09-01 07:05:35 status half-configured libgcrypt20:amd64 1.8.4-5
2020-09-01 07:05:35 status installed libgcrypt20:amd64 1.8.4-5
2020-09-01 07:05:35 configure zlib1g:amd64 1:1.2.11.dfsg-1 <none>
2020-09-01 07:05:35 status unpacked zlib1g:amd64 1:1.2.11.dfsg-1
2020-09-01 07:05:35 status half-configured zlib1g:amd64 1:1.2.11.dfsg-1
2020-09-01 07:05:35 status installed zlib1g:amd64 1:1.2.11.dfsg-1
2020-09-01 07:05:35 configure libffi6:amd64 3.2.1-9 <none>
2020-09-01 07:05:35 status unpacked libffi6:amd64 3.2.1-9
2020-09-01 07:05:35 status half-configured libffi6:amd64 3.2.1-9
2020-09-01 07:05:35 status installed libffi6:amd64 3.2.1-9
2020-09-01 07:05:35 configure libidn2-0:amd64 2.0.5-1+deb10u1 <none>
2020-09-01 07:05:35 status unpacked libidn2-0:amd64 2.0.5-1+deb10u1
2020-09-01 07:05:36 status half-configured libidn2-0:amd64 2.0.5-1+deb10u1
2020-09-01 07:05:36 status installed libidn2-0:amd64 2.0.5-1+deb10u1
2020-09-01 07:05:36 configure libcom-err2:amd64 1.44.5-1+deb10u3 <none>
2020-09-01 07:05:36 status unpacked libcom-err2:amd64 1.44.5-1+deb10u3
2020-09-01 07:05:36 status half-configured libcom-err2:amd64 1.44.5-1+deb10u3
2020-09-01 07:05:36 status installed libcom-err2:amd64 1.44.5-1+deb10u3
2020-09-01 07:05:36 configure diffutils:amd64 1:3.7-3 <none>
2020-09-01 07:05:36 status unpacked diffutils:amd64 1:3.7-3
2020-09-01 07:05:36 status half-configured diffutils:amd64 1:3.7-3
2020-09-01 07:05:36 status installed diffutils:amd64 1:3.7-3
2020-09-01 07:05:36 configure libseccomp2:amd64 2.3.3-4 <none>
2020-09-01 07:05:36 status unpacked libseccomp2:amd64 2.3.3-4
2020-09-01 07:05:36 status half-configured libseccomp2:amd64 2.3.3-4
2020-09-01 07:05:36 status installed libseccomp2:amd64 2.3.3-4
2020-09-01 07:05:36 configure libsystemd0:amd64 241-7~deb10u4 <none>
2020-09-01 07:05:36 status unpacked libsystemd0:amd64 241-7~deb10u4
2020-09-01 07:05:36 status half-configured libsystemd0:amd64 241-7~deb10u4
2020-09-01 07:05:36 status installed libsystemd0:amd64 241-7~deb10u4
2020-09-01 07:05:36 configure hostname:amd64 3.21 <none>
2020-09-01 07:05:36 status unpacked hostname:amd64 3.21
2020-09-01 07:05:36 status half-configured hostname:amd64 3.21
2020-09-01 07:05:37 status installed hostname:amd64 3.21
2020-09-01 07:05:37 configure libpcre3:amd64 2:8.39-12 <none>
2020-09-01 07:05:37 status unpacked libpcre3:amd64 2:8.39-12
2020-09-01 07:05:37 status half-configured libpcre3:amd64 2:8.39-12
2020-09-01 07:05:37 status installed libpcre3:amd64 2:8.39-12
2020-09-01 07:05:37 configure libcap-ng0:amd64 0.7.9-2 <none>
2020-09-01 07:05:37 status unpacked libcap-ng0:amd64 0.7.9-2
2020-09-01 07:05:37 status half-configured libcap-ng0:amd64 0.7.9-2
2020-09-01 07:05:37 status installed libcap-ng0:amd64 0.7.9-2
2020-09-01 07:05:37 configure libext2fs2:amd64 1.44.5-1+deb10u3 <none>
2020-09-01 07:05:37 status unpacked libext2fs2:amd64 1.44.5-1+deb10u3
2020-09-01 07:05:37 status half-configured libext2fs2:amd64 1.44.5-1+deb10u3
2020-09-01 07:05:37 status installed libext2fs2:amd64 1.44.5-1+deb10u3
2020-09-01 07:05:37 configure libgmp10:amd64 2:6.1.2+dfsg-4 <none>
2020-09-01 07:05:37 status unpacked libgmp10:amd64 2:6.1.2+dfsg-4
2020-09-01 07:05:37 status half-configured libgmp10:amd64 2:6.1.2+dfsg-4
2020-09-01 07:05:37 status installed libgmp10:amd64 2:6.1.2+dfsg-4
2020-09-01 07:05:37 configure libp11-kit0:amd64 0.23.15-2 <none>
2020-09-01 07:05:37 status unpacked libp11-kit0:amd64 0.23.15-2
2020-09-01 07:05:37 status half-configured libp11-kit0:amd64 0.23.15-2
2020-09-01 07:05:38 status installed libp11-kit0:amd64 0.23.15-2
2020-09-01 07:05:38 configure libaudit1:amd64 1:2.8.4-3 <none>
2020-09-01 07:05:38 status unpacked libaudit1:amd64 1:2.8.4-3
2020-09-01 07:05:38 status half-configured libaudit1:amd64 1:2.8.4-3
2020-09-01 07:05:38 status installed libaudit1:amd64 1:2.8.4-3
2020-09-01 07:05:38 configure libuuid1:amd64 2.33.1-0.1 <none>
2020-09-01 07:05:38 status unpacked libuuid1:amd64 2.33.1-0.1
2020-09-01 07:05:38 status half-configured libuuid1:amd64 2.33.1-0.1
2020-09-01 07:05:38 status installed libuuid1:amd64 2.33.1-0.1
2020-09-01 07:05:38 configure libss2:amd64 1.44.5-1+deb10u3 <none>
2020-09-01 07:05:38 status unpacked libss2:amd64 1.44.5-1+deb10u3
2020-09-01 07:05:38 status half-configured libss2:amd64 1.44.5-1+deb10u3
2020-09-01 07:05:38 status installed libss2:amd64 1.44.5-1+deb10u3
2020-09-01 07:05:38 configure libncursesw6:amd64 6.1+20181013-2+deb10u2 <none>
2020-09-01 07:05:38 status unpacked libncursesw6:amd64 6.1+20181013-2+deb10u2
2020-09-01 07:05:38 status half-configured libncursesw6:amd64 6.1+20181013-2+deb10u2
2020-09-01 07:05:38 status installed libncursesw6:amd64 6.1+20181013-2+deb10u2
2020-09-01 07:05:38 configure libnettle6:amd64 3.4.1-1 <none>
2020-09-01 07:05:38 status unpacked libnettle6:amd64 3.4.1-1
2020-09-01 07:05:38 status half-configured libnettle6:amd64 3.4.1-1
2020-09-01 07:05:39 status installed libnettle6:amd64 3.4.1-1
2020-09-01 07:05:39 configure gpgv:amd64 2.2.12-1+deb10u1 <none>
2020-09-01 07:05:39 status unpacked gpgv:amd64 2.2.12-1+deb10u1
2020-09-01 07:05:39 status half-configured gpgv:amd64 2.2.12-1+deb10u1
2020-09-01 07:05:39 status installed gpgv:amd64 2.2.12-1+deb10u1
2020-09-01 07:05:39 configure libblkid1:amd64 2.33.1-0.1 <none>
2020-09-01 07:05:39 status unpacked libblkid1:amd64 2.33.1-0.1
2020-09-01 07:05:39 status half-configured libblkid1:amd64 2.33.1-0.1
2020-09-01 07:05:39 status installed libblkid1:amd64 2.33.1-0.1
2020-09-01 07:05:39 configure libstdc++6:amd64 8.3.0-6 <none>
2020-09-01 07:05:39 status unpacked libstdc++6:amd64 8.3.0-6
2020-09-01 07:05:39 status half-configured libstdc++6:amd64 8.3.0-6
2020-09-01 07:05:39 status installed libstdc++6:amd64 8.3.0-6
2020-09-01 07:05:39 configure bsdutils:amd64 1:2.33.1-0.1 <none>
2020-09-01 07:05:39 status unpacked bsdutils:amd64 1:2.33.1-0.1
2020-09-01 07:05:39 status half-configured bsdutils:amd64 1:2.33.1-0.1
2020-09-01 07:05:39 status installed bsdutils:amd64 1:2.33.1-0.1
2020-09-01 07:05:39 configure libhogweed4:amd64 3.4.1-1 <none>
2020-09-01 07:05:39 status unpacked libhogweed4:amd64 3.4.1-1
2020-09-01 07:05:39 status half-configured libhogweed4:amd64 3.4.1-1
2020-09-01 07:05:39 status installed libhogweed4:amd64 3.4.1-1
2020-09-01 07:05:40 configure e2fsprogs:amd64 1.44.5-1+deb10u3 <none>
2020-09-01 07:05:40 status unpacked e2fsprogs:amd64 1.44.5-1+deb10u3
2020-09-01 07:05:40 status half-configured e2fsprogs:amd64 1.44.5-1+deb10u3
2020-09-01 07:05:40 status installed e2fsprogs:amd64 1.44.5-1+deb10u3
2020-09-01 07:05:40 configure libselinux1:amd64 2.8-1+b1 <none>
2020-09-01 07:05:40 status unpacked libselinux1:amd64 2.8-1+b1
2020-09-01 07:05:40 status half-configured libselinux1:amd64 2.8-1+b1
2020-09-01 07:05:40 status installed libselinux1:amd64 2.8-1+b1
2020-09-01 07:05:40 configure libgnutls30:amd64 3.6.7-4+deb10u5 <none>
2020-09-01 07:05:40 status unpacked libgnutls30:amd64 3.6.7-4+deb10u5
2020-09-01 07:05:40 status half-configured libgnutls30:amd64 3.6.7-4+deb10u5
2020-09-01 07:05:40 status installed libgnutls30:amd64 3.6.7-4+deb10u5
2020-09-01 07:05:40 configure sed:amd64 4.7-1 <none>
2020-09-01 07:05:40 status unpacked sed:amd64 4.7-1
2020-09-01 07:05:40 status half-configured sed:amd64 4.7-1
2020-09-01 07:05:40 status installed sed:amd64 4.7-1
2020-09-01 07:05:40 configure libfdisk1:amd64 2.33.1-0.1 <none>
2020-09-01 07:05:40 status unpacked libfdisk1:amd64 2.33.1-0.1
2020-09-01 07:05:41 status half-configured libfdisk1:amd64 2.33.1-0.1
2020-09-01 07:05:41 status installed libfdisk1:amd64 2.33.1-0.1
2020-09-01 07:05:41 configure findutils:amd64 4.6.0+git+20190209-2 <none>
2020-09-01 07:05:41 status unpacked findutils:amd64 4.6.0+git+20190209-2
2020-09-01 07:05:41 status half-configured findutils:amd64 4.6.0+git+20190209-2
2020-09-01 07:05:41 status installed findutils:amd64 4.6.0+git+20190209-2
2020-09-01 07:05:41 configure libmount1:amd64 2.33.1-0.1 <none>
2020-09-01 07:05:41 status unpacked libmount1:amd64 2.33.1-0.1
2020-09-01 07:05:41 status half-configured libmount1:amd64 2.33.1-0.1
2020-09-01 07:05:41 status installed libmount1:amd64 2.33.1-0.1
2020-09-01 07:05:41 configure libapt-pkg5.0:amd64 1.8.2.1 <none>
2020-09-01 07:05:41 status unpacked libapt-pkg5.0:amd64 1.8.2.1
2020-09-01 07:05:41 status half-configured libapt-pkg5.0:amd64 1.8.2.1
2020-09-01 07:05:41 status installed libapt-pkg5.0:amd64 1.8.2.1
2020-09-01 07:05:41 configure libsemanage1:amd64 2.8-2 <none>
2020-09-01 07:05:41 status unpacked libsemanage1:amd64 2.8-2
2020-09-01 07:05:41 status half-configured libsemanage1:amd64 2.8-2
2020-09-01 07:05:41 status installed libsemanage1:amd64 2.8-2
2020-09-01 07:05:42 configure tar:amd64 1.30+dfsg-6 <none>
2020-09-01 07:05:42 status unpacked tar:amd64 1.30+dfsg-6
2020-09-01 07:05:42 status half-configured tar:amd64 1.30+dfsg-6
2020-09-01 07:05:42 status installed tar:amd64 1.30+dfsg-6
2020-09-01 07:05:42 configure coreutils:amd64 8.30-3 <none>
2020-09-01 07:05:42 status unpacked coreutils:amd64 8.30-3
2020-09-01 07:05:42 status half-configured coreutils:amd64 8.30-3
2020-09-01 07:05:42 status installed coreutils:amd64 8.30-3
2020-09-01 07:05:42 configure fdisk:amd64 2.33.1-0.1 <none>
2020-09-01 07:05:42 status unpacked fdisk:amd64 2.33.1-0.1
2020-09-01 07:05:42 status half-configured fdisk:amd64 2.33.1-0.1
2020-09-01 07:05:42 status installed fdisk:amd64 2.33.1-0.1
2020-09-01 07:05:42 configure dpkg:amd64 1.19.7 <none>
2020-09-01 07:05:42 status unpacked dpkg:amd64 1.19.7
2020-09-01 07:05:43 status half-configured dpkg:amd64 1.19.7
2020-09-01 07:05:43 status installed dpkg:amd64 1.19.7
2020-09-01 07:05:43 configure grep:amd64 3.3-1 <none>
2020-09-01 07:05:43 status unpacked grep:amd64 3.3-1
2020-09-01 07:05:43 status half-configured grep:amd64 3.3-1
2020-09-01 07:05:43 status installed grep:amd64 3.3-1
2020-09-01 07:05:43 configure perl-base:amd64 5.28.1-6+deb10u1 <none>
2020-09-01 07:05:43 status unpacked perl-base:amd64 5.28.1-6+deb10u1
2020-09-01 07:05:43 status half-configured perl-base:amd64 5.28.1-6+deb10u1
2020-09-01 07:05:43 status installed perl-base:amd64 5.28.1-6+deb10u1
2020-09-01 07:05:43 configure init-system-helpers:all 1.56+nmu1 <none>
2020-09-01 07:05:43 status unpacked init-system-helpers:all 1.56+nmu1
2020-09-01 07:05:43 status half-configured init-system-helpers:all 1.56+nmu1
2020-09-01 07:05:43 status installed init-system-helpers:all 1.56+nmu1
2020-09-01 07:05:43 configure gzip:amd64 1.9-3 <none>
2020-09-01 07:05:43 status unpacked gzip:amd64 1.9-3
2020-09-01 07:05:43 status half-configured gzip:amd64 1.9-3
2020-09-01 07:05:43 status installed gzip:amd64 1.9-3
2020-09-01 07:05:43 configure debconf:all 1.5.71 <none>
2020-09-01 07:05:43 status unpacked debconf:all 1.5.71
2020-09-01 07:05:44 status half-configured debconf:all 1.5.71
2020-09-01 07:05:44 status installed debconf:all 1.5.71
2020-09-01 07:05:44 configure tzdata:all 2020a-0+deb10u1 <none>
2020-09-01 07:05:44 status unpacked tzdata:all 2020a-0+deb10u1
2020-09-01 07:05:44 status half-configured tzdata:all 2020a-0+deb10u1
2020-09-01 07:05:45 status installed tzdata:all 2020a-0+deb10u1
2020-09-01 07:05:45 configure libpam0g:amd64 1.3.1-5 <none>
2020-09-01 07:05:45 status unpacked libpam0g:amd64 1.3.1-5
2020-09-01 07:05:45 status half-configured libpam0g:amd64 1.3.1-5
2020-09-01 07:05:45 status installed libpam0g:amd64 1.3.1-5
2020-09-01 07:05:45 configure dash:amd64 0.5.10.2-5 <none>
2020-09-01 07:05:45 status unpacked dash:amd64 0.5.10.2-5
2020-09-01 07:05:45 status half-configured dash:amd64 0.5.10.2-5
2020-09-01 07:05:46 status installed dash:amd64 0.5.10.2-5
2020-09-01 07:05:46 configure libpam-modules-bin:amd64 1.3.1-5 <none>
2020-09-01 07:05:46 status unpacked libpam-modules-bin:amd64 1.3.1-5
2020-09-01 07:05:46 status half-configured libpam-modules-bin:amd64 1.3.1-5
2020-09-01 07:05:46 status installed libpam-modules-bin:amd64 1.3.1-5
2020-09-01 07:05:46 configure libpam-modules:amd64 1.3.1-5 <none>
2020-09-01 07:05:46 status unpacked libpam-modules:amd64 1.3.1-5
2020-09-01 07:05:46 status half-configured libpam-modules:amd64 1.3.1-5
2020-09-01 07:05:47 status installed libpam-modules:amd64 1.3.1-5
2020-09-01 07:05:47 configure passwd:amd64 1:4.5-1.1 <none>
2020-09-01 07:05:47 status unpacked passwd:amd64 1:4.5-1.1
2020-09-01 07:05:47 status half-configured passwd:amd64 1:4.5-1.1
2020-09-01 07:05:48 status installed passwd:amd64 1:4.5-1.1
2020-09-01 07:05:48 configure libpam-runtime:all 1.3.1-5 <none>
2020-09-01 07:05:48 status unpacked libpam-runtime:all 1.3.1-5
2020-09-01 07:05:48 status half-configured libpam-runtime:all 1.3.1-5
2020-09-01 07:05:48 status installed libpam-runtime:all 1.3.1-5
2020-09-01 07:05:48 configure login:amd64 1:4.5-1.1 <none>
2020-09-01 07:05:48 status unpacked login:amd64 1:4.5-1.1
2020-09-01 07:05:48 status half-configured login:amd64 1:4.5-1.1
2020-09-01 07:05:49 status installed login:amd64 1:4.5-1.1
2020-09-01 07:05:49 configure adduser:all 3.118 <none>
2020-09-01 07:05:49 status unpacked adduser:all 3.118
2020-09-01 07:05:49 status half-configured adduser:all 3.118
2020-09-01 07:05:49 status installed adduser:all 3.118
2020-09-01 07:05:49 configure apt:amd64 1.8.2.1 <none>
2020-09-01 07:05:49 status unpacked apt:amd64 1.8.2.1
2020-09-01 07:05:50 status half-configured apt:amd64 1.8.2.1
2020-09-01 07:05:51 status installed apt:amd64 1.8.2.1
2020-09-01 07:05:51 configure util-linux:amd64 2.33.1-0.1 <none>
2020-09-01 07:05:51 status unpacked util-linux:amd64 2.33.1-0.1
2020-09-01 07:05:51 status half-configured util-linux:amd64 2.33.1-0.1
2020-09-01 07:05:52 status installed util-linux:amd64 2.33.1-0.1
2020-09-01 07:05:52 configure mount:amd64 2.33.1-0.1 <none>
2020-09-01 07:05:52 status unpacked mount:amd64 2.33.1-0.1
2020-09-01 07:05:52 status half-configured mount:amd64 2.33.1-0.1
2020-09-01 07:05:52 status installed mount:amd64 2.33.1-0.1
2020-09-01 07:05:52 configure sysvinit-utils:amd64 2.93-8 <none>
2020-09-01 07:05:52 status unpacked sysvinit-utils:amd64 2.93-8
2020-09-01 07:05:52 status half-configured sysvinit-utils:amd64 2.93-8
2020-09-01 07:05:52 status installed sysvinit-utils:amd64 2.93-8
2020-09-01 07:05:52 trigproc libc-bin:amd64 2.28-10 <none>
2020-09-01 07:05:52 status half-configured libc-bin:amd64 2.28-10
2020-09-01 07:05:52 status installed libc-bin:amd64 2.28-10
2020-09-01 07:06:05 startup archives install
2020-09-01 07:06:05 install libapparmor1:amd64 <none> 2.13.2-10
2020-09-01 07:06:05 status triggers-pending libc-bin:amd64 2.28-10
2020-09-01 07:06:05 status half-installed libapparmor1:amd64 2.13.2-10
2020-09-01 07:06:05 status unpacked libapparmor1:amd64 2.13.2-10
2020-09-01 07:06:06 install libargon2-1:amd64 <none> 0~20171227-0.2
2020-09-01 07:06:06 status half-installed libargon2-1:amd64 0~20171227-0.2
2020-09-01 07:06:06 status unpacked libargon2-1:amd64 0~20171227-0.2
2020-09-01 07:06:06 install libcryptsetup12:amd64 <none> 2:2.1.0-5+deb10u2
2020-09-01 07:06:06 status half-installed libcryptsetup12:amd64 2:2.1.0-5+deb10u2
2020-09-01 07:06:07 status unpacked libcryptsetup12:amd64 2:2.1.0-5+deb10u2
2020-09-01 07:06:07 install libip4tc0:amd64 <none> 1.8.2-4
2020-09-01 07:06:07 status half-installed libip4tc0:amd64 1.8.2-4
2020-09-01 07:06:07 status unpacked libip4tc0:amd64 1.8.2-4
2020-09-01 07:06:08 install libjson-c3:amd64 <none> 0.12.1+ds-2
2020-09-01 07:06:08 status half-installed libjson-c3:amd64 0.12.1+ds-2
2020-09-01 07:06:08 status unpacked libjson-c3:amd64 0.12.1+ds-2
2020-09-01 07:06:08 install libkmod2:amd64 <none> 26-1
2020-09-01 07:06:08 status half-installed libkmod2:amd64 26-1
2020-09-01 07:06:08 status unpacked libkmod2:amd64 26-1
2020-09-01 07:06:09 install libcap2:amd64 <none> 1:2.25-2
2020-09-01 07:06:09 status half-installed libcap2:amd64 1:2.25-2
2020-09-01 07:06:09 status unpacked libcap2:amd64 1:2.25-2
2020-09-01 07:06:09 install libidn11:amd64 <none> 1.33-2.2
2020-09-01 07:06:09 status half-installed libidn11:amd64 1.33-2.2
2020-09-01 07:06:10 status unpacked libidn11:amd64 1.33-2.2
2020-09-01 07:06:10 install dmsetup:amd64 <none> 2:1.02.155-3
2020-09-01 07:06:10 status half-installed dmsetup:amd64 2:1.02.155-3
2020-09-01 07:06:10 status unpacked dmsetup:amd64 2:1.02.155-3
2020-09-01 07:06:11 install libdevmapper1.02.1:amd64 <none> 2:1.02.155-3
2020-09-01 07:06:11 status half-installed libdevmapper1.02.1:amd64 2:1.02.155-3
2020-09-01 07:06:11 status unpacked libdevmapper1.02.1:amd64 2:1.02.155-3
2020-09-01 07:06:11 install libssl1.1:amd64 <none> 1.1.1d-0+deb10u3
2020-09-01 07:06:11 status half-installed libssl1.1:amd64 1.1.1d-0+deb10u3
2020-09-01 07:06:12 status unpacked libssl1.1:amd64 1.1.1d-0+deb10u3
2020-09-01 07:06:12 install systemd:amd64 <none> 241-7~deb10u4
2020-09-01 07:06:12 status half-installed systemd:amd64 241-7~deb10u4
2020-09-01 07:06:14 status unpacked systemd:amd64 241-7~deb10u4
2020-09-01 07:06:14 configure libapparmor1:amd64 2.13.2-10 2.13.2-10
2020-09-01 07:06:14 status half-configured libapparmor1:amd64 2.13.2-10
2020-09-01 07:06:14 status installed libapparmor1:amd64 2.13.2-10
2020-09-01 07:06:14 configure libargon2-1:amd64 0~20171227-0.2 0~20171227-0.2
2020-09-01 07:06:14 status half-configured libargon2-1:amd64 0~20171227-0.2
2020-09-01 07:06:14 status installed libargon2-1:amd64 0~20171227-0.2
2020-09-01 07:06:14 configure libip4tc0:amd64 1.8.2-4 1.8.2-4
2020-09-01 07:06:14 status half-configured libip4tc0:amd64 1.8.2-4
2020-09-01 07:06:14 status installed libip4tc0:amd64 1.8.2-4
2020-09-01 07:06:14 configure libjson-c3:amd64 0.12.1+ds-2 0.12.1+ds-2
2020-09-01 07:06:14 status half-configured libjson-c3:amd64 0.12.1+ds-2
2020-09-01 07:06:14 status installed libjson-c3:amd64 0.12.1+ds-2
2020-09-01 07:06:15 configure libcap2:amd64 1:2.25-2 1:2.25-2
2020-09-01 07:06:15 status half-configured libcap2:amd64 1:2.25-2
2020-09-01 07:06:15 status installed libcap2:amd64 1:2.25-2
2020-09-01 07:06:15 configure libidn11:amd64 1.33-2.2 1.33-2.2
2020-09-01 07:06:15 status half-configured libidn11:amd64 1.33-2.2
2020-09-01 07:06:15 status installed libidn11:amd64 1.33-2.2
2020-09-01 07:06:15 configure libssl1.1:amd64 1.1.1d-0+deb10u3 1.1.1d-0+deb10u3
2020-09-01 07:06:15 status half-configured libssl1.1:amd64 1.1.1d-0+deb10u3
2020-09-01 07:06:15 status installed libssl1.1:amd64 1.1.1d-0+deb10u3
2020-09-01 07:06:15 configure libkmod2:amd64 26-1 26-1
2020-09-01 07:06:15 status half-configured libkmod2:amd64 26-1
2020-09-01 07:06:16 status installed libkmod2:amd64 26-1
2020-09-01 07:06:16 configure libdevmapper1.02.1:amd64 2:1.02.155-3 2:1.02.155-3
2020-09-01 07:06:16 status half-configured libdevmapper1.02.1:amd64 2:1.02.155-3
2020-09-01 07:06:16 status installed libdevmapper1.02.1:amd64 2:1.02.155-3
2020-09-01 07:06:16 configure libcryptsetup12:amd64 2:2.1.0-5+deb10u2 2:2.1.0-5+deb10u2
2020-09-01 07:06:16 status half-configured libcryptsetup12:amd64 2:2.1.0-5+deb10u2
2020-09-01 07:06:16 status installed libcryptsetup12:amd64 2:2.1.0-5+deb10u2
2020-09-01 07:06:16 configure dmsetup:amd64 2:1.02.155-3 2:1.02.155-3
2020-09-01 07:06:16 status half-configured dmsetup:amd64 2:1.02.155-3
2020-09-01 07:06:16 status installed dmsetup:amd64 2:1.02.155-3
2020-09-01 07:06:16 configure systemd:amd64 241-7~deb10u4 241-7~deb10u4
2020-09-01 07:06:17 status half-configured systemd:amd64 241-7~deb10u4
2020-09-01 07:06:21 status installed systemd:amd64 241-7~deb10u4
2020-09-01 07:06:21 trigproc libc-bin:amd64 2.28-10 <none>
2020-09-01 07:06:21 status half-configured libc-bin:amd64 2.28-10
2020-09-01 07:06:21 status installed libc-bin:amd64 2.28-10
2020-09-01 07:06:32 startup archives install
2020-09-01 07:06:32 install systemd-sysv:amd64 <none> 241-7~deb10u4
2020-09-01 07:06:32 status half-installed systemd-sysv:amd64 241-7~deb10u4
2020-09-01 07:06:33 status unpacked systemd-sysv:amd64 241-7~deb10u4
2020-09-01 07:06:33 configure systemd-sysv:amd64 241-7~deb10u4 241-7~deb10u4
2020-09-01 07:06:33 status half-configured systemd-sysv:amd64 241-7~deb10u4
2020-09-01 07:06:33 status installed systemd-sysv:amd64 241-7~deb10u4
2020-09-01 07:06:33 startup archives unpack
2020-09-01 07:06:33 install apt-utils:amd64 <none> 1.8.2.1
2020-09-01 07:06:33 status half-installed apt-utils:amd64 1.8.2.1
2020-09-01 07:06:34 status unpacked apt-utils:amd64 1.8.2.1
2020-09-01 07:06:34 install libapt-inst2.0:amd64 <none> 1.8.2.1
2020-09-01 07:06:34 status triggers-pending libc-bin:amd64 2.28-10
2020-09-01 07:06:34 status half-installed libapt-inst2.0:amd64 1.8.2.1
2020-09-01 07:06:35 status unpacked libapt-inst2.0:amd64 1.8.2.1
2020-09-01 07:06:35 install libdns-export1104:amd64 <none> 1:9.11.5.P4+dfsg-5.1+deb10u1
2020-09-01 07:06:35 status half-installed libdns-export1104:amd64 1:9.11.5.P4+dfsg-5.1+deb10u1
2020-09-01 07:06:36 status unpacked libdns-export1104:amd64 1:9.11.5.P4+dfsg-5.1+deb10u1
2020-09-01 07:06:36 install libisc-export1100:amd64 <none> 1:9.11.5.P4+dfsg-5.1+deb10u1
2020-09-01 07:06:36 status half-installed libisc-export1100:amd64 1:9.11.5.P4+dfsg-5.1+deb10u1
2020-09-01 07:06:36 status unpacked libisc-export1100:amd64 1:9.11.5.P4+dfsg-5.1+deb10u1
2020-09-01 07:06:36 install bsdmainutils:amd64 <none> 11.1.2+b1
2020-09-01 07:06:36 status half-installed bsdmainutils:amd64 11.1.2+b1
2020-09-01 07:06:37 status unpacked bsdmainutils:amd64 11.1.2+b1
2020-09-01 07:06:37 install cpio:amd64 <none> 2.12+dfsg-9
2020-09-01 07:06:37 status half-installed cpio:amd64 2.12+dfsg-9
2020-09-01 07:06:37 status unpacked cpio:amd64 2.12+dfsg-9
2020-09-01 07:06:38 install cron:amd64 <none> 3.0pl1-134+deb10u1
2020-09-01 07:06:38 status half-installed cron:amd64 3.0pl1-134+deb10u1
2020-09-01 07:06:38 status triggers-pending systemd:amd64 241-7~deb10u4
2020-09-01 07:06:38 status unpacked cron:amd64 3.0pl1-134+deb10u1
2020-09-01 07:06:38 install debconf-i18n:all <none> 1.5.71
2020-09-01 07:06:38 status half-installed debconf-i18n:all 1.5.71
2020-09-01 07:06:39 status unpacked debconf-i18n:all 1.5.71
2020-09-01 07:06:39 install dmidecode:amd64 <none> 3.2-1
2020-09-01 07:06:39 status half-installed dmidecode:amd64 3.2-1
2020-09-01 07:06:39 status unpacked dmidecode:amd64 3.2-1
2020-09-01 07:06:39 install libelf1:amd64 <none> 0.176-1.1
2020-09-01 07:06:39 status half-installed libelf1:amd64 0.176-1.1
2020-09-01 07:06:40 status unpacked libelf1:amd64 0.176-1.1
2020-09-01 07:06:40 install gdbm-l10n:all <none> 1.18.1-4
2020-09-01 07:06:40 status half-installed gdbm-l10n:all 1.18.1-4
2020-09-01 07:06:40 status unpacked gdbm-l10n:all 1.18.1-4
2020-09-01 07:06:41 install ifupdown:amd64 <none> 0.8.35
2020-09-01 07:06:41 status half-installed ifupdown:amd64 0.8.35
2020-09-01 07:06:41 status unpacked ifupdown:amd64 0.8.35
2020-09-01 07:06:42 install init:amd64 <none> 1.56+nmu1
2020-09-01 07:06:42 status half-installed init:amd64 1.56+nmu1
2020-09-01 07:06:42 status unpacked init:amd64 1.56+nmu1
2020-09-01 07:06:42 install iproute2:amd64 <none> 4.20.0-2
2020-09-01 07:06:42 status half-installed iproute2:amd64 4.20.0-2
2020-09-01 07:06:43 status unpacked iproute2:amd64 4.20.0-2
2020-09-01 07:06:43 install iptables:amd64 <none> 1.8.2-4
2020-09-01 07:06:43 status half-installed iptables:amd64 1.8.2-4
2020-09-01 07:06:43 status unpacked iptables:amd64 1.8.2-4
2020-09-01 07:06:44 install libip6tc0:amd64 <none> 1.8.2-4
2020-09-01 07:06:44 status half-installed libip6tc0:amd64 1.8.2-4
2020-09-01 07:06:44 status unpacked libip6tc0:amd64 1.8.2-4
2020-09-01 07:06:44 install libiptc0:amd64 <none> 1.8.2-4
2020-09-01 07:06:44 status half-installed libiptc0:amd64 1.8.2-4
2020-09-01 07:06:45 status unpacked libiptc0:amd64 1.8.2-4
2020-09-01 07:06:45 install libxtables12:amd64 <none> 1.8.2-4
2020-09-01 07:06:45 status half-installed libxtables12:amd64 1.8.2-4
2020-09-01 07:06:45 status unpacked libxtables12:amd64 1.8.2-4
2020-09-01 07:06:46 install iputils-ping:amd64 <none> 3:20180629-2+deb10u1
2020-09-01 07:06:46 status half-installed iputils-ping:amd64 3:20180629-2+deb10u1
2020-09-01 07:06:46 status unpacked iputils-ping:amd64 3:20180629-2+deb10u1
2020-09-01 07:06:46 install isc-dhcp-client:amd64 <none> 4.4.1-2
2020-09-01 07:06:46 status half-installed isc-dhcp-client:amd64 4.4.1-2
2020-09-01 07:06:46 status unpacked isc-dhcp-client:amd64 4.4.1-2
2020-09-01 07:06:47 install isc-dhcp-common:amd64 <none> 4.4.1-2
2020-09-01 07:06:47 status half-installed isc-dhcp-common:amd64 4.4.1-2
2020-09-01 07:06:47 status unpacked isc-dhcp-common:amd64 4.4.1-2
2020-09-01 07:06:47 install kmod:amd64 <none> 26-1
2020-09-01 07:06:47 status half-installed kmod:amd64 26-1
2020-09-01 07:06:48 status unpacked kmod:amd64 26-1
2020-09-01 07:06:48 install less:amd64 <none> 487-0.1+b1
2020-09-01 07:06:48 status half-installed less:amd64 487-0.1+b1
2020-09-01 07:06:48 status unpacked less:amd64 487-0.1+b1
2020-09-01 07:06:49 install libbsd0:amd64 <none> 0.9.1-2
2020-09-01 07:06:49 status half-installed libbsd0:amd64 0.9.1-2
2020-09-01 07:06:49 status unpacked libbsd0:amd64 0.9.1-2
2020-09-01 07:06:49 install libcap2-bin:amd64 <none> 1:2.25-2
2020-09-01 07:06:49 status half-installed libcap2-bin:amd64 1:2.25-2
2020-09-01 07:06:49 status unpacked libcap2-bin:amd64 1:2.25-2
2020-09-01 07:06:50 install libestr0:amd64 <none> 0.1.10-2.1
2020-09-01 07:06:50 status half-installed libestr0:amd64 0.1.10-2.1
2020-09-01 07:06:50 status unpacked libestr0:amd64 0.1.10-2.1
2020-09-01 07:06:51 install libfastjson4:amd64 <none> 0.99.8-2
2020-09-01 07:06:51 status half-installed libfastjson4:amd64 0.99.8-2
2020-09-01 07:06:51 status unpacked libfastjson4:amd64 0.99.8-2
2020-09-01 07:06:51 install liblocale-gettext-perl:amd64 <none> 1.07-3+b4
2020-09-01 07:06:51 status half-installed liblocale-gettext-perl:amd64 1.07-3+b4
2020-09-01 07:06:51 status unpacked liblocale-gettext-perl:amd64 1.07-3+b4
2020-09-01 07:06:52 install liblognorm5:amd64 <none> 2.0.5-1
2020-09-01 07:06:52 status half-installed liblognorm5:amd64 2.0.5-1
2020-09-01 07:06:52 status unpacked liblognorm5:amd64 2.0.5-1
2020-09-01 07:06:52 install libmnl0:amd64 <none> 1.0.4-2
2020-09-01 07:06:52 status half-installed libmnl0:amd64 1.0.4-2
2020-09-01 07:06:52 status unpacked libmnl0:amd64 1.0.4-2
2020-09-01 07:06:53 install libnetfilter-conntrack3:amd64 <none> 1.0.7-1
2020-09-01 07:06:53 status half-installed libnetfilter-conntrack3:amd64 1.0.7-1
2020-09-01 07:06:53 status unpacked libnetfilter-conntrack3:amd64 1.0.7-1
2020-09-01 07:06:53 install libnfnetlink0:amd64 <none> 1.0.1-3+b1
2020-09-01 07:06:53 status half-installed libnfnetlink0:amd64 1.0.1-3+b1
2020-09-01 07:06:54 status unpacked libnfnetlink0:amd64 1.0.1-3+b1
2020-09-01 07:06:54 install libnftnl11:amd64 <none> 1.1.2-2
2020-09-01 07:06:54 status half-installed libnftnl11:amd64 1.1.2-2
2020-09-01 07:06:54 status unpacked libnftnl11:amd64 1.1.2-2
2020-09-01 07:06:54 install libtext-charwidth-perl:amd64 <none> 0.04-7.1+b1
2020-09-01 07:06:54 status half-installed libtext-charwidth-perl:amd64 0.04-7.1+b1
2020-09-01 07:06:55 status unpacked libtext-charwidth-perl:amd64 0.04-7.1+b1
2020-09-01 07:06:55 install libtext-iconv-perl:amd64 <none> 1.7-5+b7
2020-09-01 07:06:55 status half-installed libtext-iconv-perl:amd64 1.7-5+b7
2020-09-01 07:06:55 status unpacked libtext-iconv-perl:amd64 1.7-5+b7
2020-09-01 07:06:55 install libtext-wrapi18n-perl:all <none> 0.06-7.1
2020-09-01 07:06:55 status half-installed libtext-wrapi18n-perl:all 0.06-7.1
2020-09-01 07:06:56 status unpacked libtext-wrapi18n-perl:all 0.06-7.1
2020-09-01 07:06:56 install logrotate:amd64 <none> 3.14.0-4
2020-09-01 07:06:56 status half-installed logrotate:amd64 3.14.0-4
2020-09-01 07:06:56 status unpacked logrotate:amd64 3.14.0-4
2020-09-01 07:06:57 install lsb-base:all <none> 10.2019051400
2020-09-01 07:06:57 status half-installed lsb-base:all 10.2019051400
2020-09-01 07:06:57 status unpacked lsb-base:all 10.2019051400
2020-09-01 07:06:57 install nano:amd64 <none> 3.2-3
2020-09-01 07:06:57 status half-installed nano:amd64 3.2-3
2020-09-01 07:06:58 status unpacked nano:amd64 3.2-3
2020-09-01 07:06:58 install libncurses6:amd64 <none> 6.1+20181013-2+deb10u2
2020-09-01 07:06:58 status half-installed libncurses6:amd64 6.1+20181013-2+deb10u2
2020-09-01 07:06:58 status unpacked libncurses6:amd64 6.1+20181013-2+deb10u2
2020-09-01 07:06:59 install netbase:all <none> 5.6
2020-09-01 07:06:59 status half-installed netbase:all 5.6
2020-09-01 07:06:59 status unpacked netbase:all 5.6
2020-09-01 07:06:59 install libnewt0.52:amd64 <none> 0.52.20-8
2020-09-01 07:06:59 status half-installed libnewt0.52:amd64 0.52.20-8
2020-09-01 07:07:00 status unpacked libnewt0.52:amd64 0.52.20-8
2020-09-01 07:07:00 install whiptail:amd64 <none> 0.52.20-8
2020-09-01 07:07:00 status half-installed whiptail:amd64 0.52.20-8
2020-09-01 07:07:00 status unpacked whiptail:amd64 0.52.20-8
2020-09-01 07:07:01 install libpopt0:amd64 <none> 1.16-12
2020-09-01 07:07:01 status half-installed libpopt0:amd64 1.16-12
2020-09-01 07:07:01 status unpacked libpopt0:amd64 1.16-12
2020-09-01 07:07:01 install libprocps7:amd64 <none> 2:3.3.15-2
2020-09-01 07:07:01 status half-installed libprocps7:amd64 2:3.3.15-2
2020-09-01 07:07:01 status unpacked libprocps7:amd64 2:3.3.15-2
2020-09-01 07:07:02 install procps:amd64 <none> 2:3.3.15-2
2020-09-01 07:07:02 status half-installed procps:amd64 2:3.3.15-2
2020-09-01 07:07:02 status unpacked procps:amd64 2:3.3.15-2
2020-09-01 07:07:03 install readline-common:all <none> 7.0-5
2020-09-01 07:07:03 status half-installed readline-common:all 7.0-5
2020-09-01 07:07:03 status unpacked readline-common:all 7.0-5
2020-09-01 07:07:03 install rsyslog:amd64 <none> 8.1901.0-1
2020-09-01 07:07:03 status half-installed rsyslog:amd64 8.1901.0-1
2020-09-01 07:07:04 status unpacked rsyslog:amd64 8.1901.0-1
2020-09-01 07:07:04 install sensible-utils:all <none> 0.0.12
2020-09-01 07:07:04 status half-installed sensible-utils:all 0.0.12
2020-09-01 07:07:04 status unpacked sensible-utils:all 0.0.12
2020-09-01 07:07:05 install libslang2:amd64 <none> 2.3.2-2
2020-09-01 07:07:05 status half-installed libslang2:amd64 2.3.2-2
2020-09-01 07:07:05 status unpacked libslang2:amd64 2.3.2-2
2020-09-01 07:07:05 install udev:amd64 <none> 241-7~deb10u4
2020-09-01 07:07:05 status half-installed udev:amd64 241-7~deb10u4
2020-09-01 07:07:07 status unpacked udev:amd64 241-7~deb10u4
2020-09-01 07:07:07 install tasksel:all <none> 3.53
2020-09-01 07:07:07 status half-installed tasksel:all 3.53
2020-09-01 07:07:07 status unpacked tasksel:all 3.53
2020-09-01 07:07:08 install tasksel-data:all <none> 3.53
2020-09-01 07:07:08 status half-installed tasksel-data:all 3.53
2020-09-01 07:07:08 status unpacked tasksel-data:all 3.53
2020-09-01 07:07:08 install vim-common:all <none> 2:8.1.0875-5
2020-09-01 07:07:08 status half-installed vim-common:all 2:8.1.0875-5
2020-09-01 07:07:09 status unpacked vim-common:all 2:8.1.0875-5
2020-09-01 07:07:09 install vim-tiny:amd64 <none> 2:8.1.0875-5
2020-09-01 07:07:09 status half-installed vim-tiny:amd64 2:8.1.0875-5
2020-09-01 07:07:10 status unpacked vim-tiny:amd64 2:8.1.0875-5
2020-09-01 07:07:10 install xxd:amd64 <none> 2:8.1.0875-5
2020-09-01 07:07:10 status half-installed xxd:amd64 2:8.1.0875-5
2020-09-01 07:07:10 status unpacked xxd:amd64 2:8.1.0875-5
2020-09-01 07:07:10 trigproc libc-bin:amd64 2.28-10 <none>
2020-09-01 07:07:10 status half-configured libc-bin:amd64 2.28-10
2020-09-01 07:07:11 status installed libc-bin:amd64 2.28-10
2020-09-01 07:07:11 trigproc systemd:amd64 241-7~deb10u4 <none>
2020-09-01 07:07:11 status half-configured systemd:amd64 241-7~deb10u4
2020-09-01 07:07:11 status installed systemd:amd64 241-7~deb10u4
2020-09-01 07:07:11 startup packages configure
2020-09-01 07:07:11 configure cpio:amd64 2.12+dfsg-9 <none>
2020-09-01 07:07:11 status unpacked cpio:amd64 2.12+dfsg-9
2020-09-01 07:07:11 status half-configured cpio:amd64 2.12+dfsg-9
2020-09-01 07:07:11 status installed cpio:amd64 2.12+dfsg-9
2020-09-01 07:07:11 configure libtext-iconv-perl:amd64 1.7-5+b7 <none>
2020-09-01 07:07:11 status unpacked libtext-iconv-perl:amd64 1.7-5+b7
2020-09-01 07:07:11 status half-configured libtext-iconv-perl:amd64 1.7-5+b7
2020-09-01 07:07:11 status installed libtext-iconv-perl:amd64 1.7-5+b7
2020-09-01 07:07:11 configure libtext-charwidth-perl:amd64 0.04-7.1+b1 <none>
2020-09-01 07:07:11 status unpacked libtext-charwidth-perl:amd64 0.04-7.1+b1
2020-09-01 07:07:11 status half-configured libtext-charwidth-perl:amd64 0.04-7.1+b1
2020-09-01 07:07:11 status installed libtext-charwidth-perl:amd64 0.04-7.1+b1
2020-09-01 07:07:12 configure lsb-base:all 10.2019051400 <none>
2020-09-01 07:07:12 status unpacked lsb-base:all 10.2019051400
2020-09-01 07:07:12 status half-configured lsb-base:all 10.2019051400
2020-09-01 07:07:12 status installed lsb-base:all 10.2019051400
2020-09-01 07:07:12 configure libip6tc0:amd64 1.8.2-4 <none>
2020-09-01 07:07:12 status triggers-pending libc-bin:amd64 2.28-10
2020-09-01 07:07:12 status unpacked libip6tc0:amd64 1.8.2-4
2020-09-01 07:07:12 status half-configured libip6tc0:amd64 1.8.2-4
2020-09-01 07:07:12 status installed libip6tc0:amd64 1.8.2-4
2020-09-01 07:07:12 configure init:amd64 1.56+nmu1 <none>
2020-09-01 07:07:12 status unpacked init:amd64 1.56+nmu1
2020-09-01 07:07:12 status half-configured init:amd64 1.56+nmu1
2020-09-01 07:07:12 status installed init:amd64 1.56+nmu1
2020-09-01 07:07:12 configure libestr0:amd64 0.1.10-2.1 <none>
2020-09-01 07:07:12 status unpacked libestr0:amd64 0.1.10-2.1
2020-09-01 07:07:12 status half-configured libestr0:amd64 0.1.10-2.1
2020-09-01 07:07:12 status installed libestr0:amd64 0.1.10-2.1
2020-09-01 07:07:13 configure libfastjson4:amd64 0.99.8-2 <none>
2020-09-01 07:07:13 status unpacked libfastjson4:amd64 0.99.8-2
2020-09-01 07:07:13 status half-configured libfastjson4:amd64 0.99.8-2
2020-09-01 07:07:13 status installed libfastjson4:amd64 0.99.8-2
2020-09-01 07:07:13 configure libprocps7:amd64 2:3.3.15-2 <none>
2020-09-01 07:07:13 status unpacked libprocps7:amd64 2:3.3.15-2
2020-09-01 07:07:13 status half-configured libprocps7:amd64 2:3.3.15-2
2020-09-01 07:07:13 status installed libprocps7:amd64 2:3.3.15-2
2020-09-01 07:07:13 configure less:amd64 487-0.1+b1 <none>
2020-09-01 07:07:13 status unpacked less:amd64 487-0.1+b1
2020-09-01 07:07:13 status half-configured less:amd64 487-0.1+b1
2020-09-01 07:07:13 status installed less:amd64 487-0.1+b1
2020-09-01 07:07:13 configure kmod:amd64 26-1 <none>
2020-09-01 07:07:13 status unpacked kmod:amd64 26-1
2020-09-01 07:07:13 status triggers-pending systemd:amd64 241-7~deb10u4
2020-09-01 07:07:14 status half-configured kmod:amd64 26-1
2020-09-01 07:07:14 status installed kmod:amd64 26-1
2020-09-01 07:07:14 configure libapt-inst2.0:amd64 1.8.2.1 <none>
2020-09-01 07:07:14 status unpacked libapt-inst2.0:amd64 1.8.2.1
2020-09-01 07:07:14 status half-configured libapt-inst2.0:amd64 1.8.2.1
2020-09-01 07:07:14 status installed libapt-inst2.0:amd64 1.8.2.1
2020-09-01 07:07:14 configure libtext-wrapi18n-perl:all 0.06-7.1 <none>
2020-09-01 07:07:14 status unpacked libtext-wrapi18n-perl:all 0.06-7.1
2020-09-01 07:07:14 status half-configured libtext-wrapi18n-perl:all 0.06-7.1
2020-09-01 07:07:14 status installed libtext-wrapi18n-perl:all 0.06-7.1
2020-09-01 07:07:14 configure xxd:amd64 2:8.1.0875-5 <none>
2020-09-01 07:07:14 status unpacked xxd:amd64 2:8.1.0875-5
2020-09-01 07:07:14 status half-configured xxd:amd64 2:8.1.0875-5
2020-09-01 07:07:14 status installed xxd:amd64 2:8.1.0875-5
2020-09-01 07:07:14 configure libcap2-bin:amd64 1:2.25-2 <none>
2020-09-01 07:07:14 status unpacked libcap2-bin:amd64 1:2.25-2
2020-09-01 07:07:14 status half-configured libcap2-bin:amd64 1:2.25-2
2020-09-01 07:07:14 status installed libcap2-bin:amd64 1:2.25-2
2020-09-01 07:07:15 configure vim-common:all 2:8.1.0875-5 <none>
2020-09-01 07:07:15 status unpacked vim-common:all 2:8.1.0875-5
2020-09-01 07:07:15 status half-configured vim-common:all 2:8.1.0875-5
2020-09-01 07:07:15 status installed vim-common:all 2:8.1.0875-5
2020-09-01 07:07:15 configure libslang2:amd64 2.3.2-2 <none>
2020-09-01 07:07:15 status unpacked libslang2:amd64 2.3.2-2
2020-09-01 07:07:15 status half-configured libslang2:amd64 2.3.2-2
2020-09-01 07:07:15 status installed libslang2:amd64 2.3.2-2
2020-09-01 07:07:15 configure libiptc0:amd64 1.8.2-4 <none>
2020-09-01 07:07:15 status unpacked libiptc0:amd64 1.8.2-4
2020-09-01 07:07:15 status half-configured libiptc0:amd64 1.8.2-4
2020-09-01 07:07:15 status installed libiptc0:amd64 1.8.2-4
2020-09-01 07:07:15 configure libncurses6:amd64 6.1+20181013-2+deb10u2 <none>
2020-09-01 07:07:15 status unpacked libncurses6:amd64 6.1+20181013-2+deb10u2
2020-09-01 07:07:15 status half-configured libncurses6:amd64 6.1+20181013-2+deb10u2
2020-09-01 07:07:15 status installed libncurses6:amd64 6.1+20181013-2+deb10u2
2020-09-01 07:07:15 configure libmnl0:amd64 1.0.4-2 <none>
2020-09-01 07:07:15 status unpacked libmnl0:amd64 1.0.4-2
2020-09-01 07:07:15 status half-configured libmnl0:amd64 1.0.4-2
2020-09-01 07:07:16 status installed libmnl0:amd64 1.0.4-2
2020-09-01 07:07:16 configure udev:amd64 241-7~deb10u4 <none>
2020-09-01 07:07:16 status unpacked udev:amd64 241-7~deb10u4
2020-09-01 07:07:16 status half-configured udev:amd64 241-7~deb10u4
2020-09-01 07:07:17 status installed udev:amd64 241-7~deb10u4
2020-09-01 07:07:17 configure libxtables12:amd64 1.8.2-4 <none>
2020-09-01 07:07:17 status unpacked libxtables12:amd64 1.8.2-4
2020-09-01 07:07:18 status half-configured libxtables12:amd64 1.8.2-4
2020-09-01 07:07:18 status installed libxtables12:amd64 1.8.2-4
2020-09-01 07:07:18 configure gdbm-l10n:all 1.18.1-4 <none>
2020-09-01 07:07:18 status unpacked gdbm-l10n:all 1.18.1-4
2020-09-01 07:07:18 status half-configured gdbm-l10n:all 1.18.1-4
2020-09-01 07:07:18 status installed gdbm-l10n:all 1.18.1-4
2020-09-01 07:07:18 configure libisc-export1100:amd64 1:9.11.5.P4+dfsg-5.1+deb10u1 <none>
2020-09-01 07:07:18 status unpacked libisc-export1100:amd64 1:9.11.5.P4+dfsg-5.1+deb10u1
2020-09-01 07:07:18 status half-configured libisc-export1100:amd64 1:9.11.5.P4+dfsg-5.1+deb10u1
2020-09-01 07:07:18 status installed libisc-export1100:amd64 1:9.11.5.P4+dfsg-5.1+deb10u1
2020-09-01 07:07:18 configure liblognorm5:amd64 2.0.5-1 <none>
2020-09-01 07:07:18 status unpacked liblognorm5:amd64 2.0.5-1
2020-09-01 07:07:18 status half-configured liblognorm5:amd64 2.0.5-1
2020-09-01 07:07:18 status installed liblognorm5:amd64 2.0.5-1
2020-09-01 07:07:18 configure nano:amd64 3.2-3 <none>
2020-09-01 07:07:18 status unpacked nano:amd64 3.2-3
2020-09-01 07:07:18 status half-configured nano:amd64 3.2-3
2020-09-01 07:07:19 status installed nano:amd64 3.2-3
2020-09-01 07:07:19 configure sensible-utils:all 0.0.12 <none>
2020-09-01 07:07:19 status unpacked sensible-utils:all 0.0.12
2020-09-01 07:07:19 status half-configured sensible-utils:all 0.0.12
2020-09-01 07:07:19 status installed sensible-utils:all 0.0.12
2020-09-01 07:07:19 configure libnfnetlink0:amd64 1.0.1-3+b1 <none>
2020-09-01 07:07:19 status unpacked libnfnetlink0:amd64 1.0.1-3+b1
2020-09-01 07:07:19 status half-configured libnfnetlink0:amd64 1.0.1-3+b1
2020-09-01 07:07:19 status installed libnfnetlink0:amd64 1.0.1-3+b1
2020-09-01 07:07:19 configure procps:amd64 2:3.3.15-2 <none>
2020-09-01 07:07:19 status unpacked procps:amd64 2:3.3.15-2
2020-09-01 07:07:19 status half-configured procps:amd64 2:3.3.15-2
2020-09-01 07:07:20 status installed procps:amd64 2:3.3.15-2
2020-09-01 07:07:20 configure netbase:all 5.6 <none>
2020-09-01 07:07:20 status unpacked netbase:all 5.6
2020-09-01 07:07:20 status half-configured netbase:all 5.6
2020-09-01 07:07:20 status installed netbase:all 5.6
2020-09-01 07:07:20 configure isc-dhcp-common:amd64 4.4.1-2 <none>
2020-09-01 07:07:20 status unpacked isc-dhcp-common:amd64 4.4.1-2
2020-09-01 07:07:20 status half-configured isc-dhcp-common:amd64 4.4.1-2
2020-09-01 07:07:20 status installed isc-dhcp-common:amd64 4.4.1-2
2020-09-01 07:07:20 configure dmidecode:amd64 3.2-1 <none>
2020-09-01 07:07:20 status unpacked dmidecode:amd64 3.2-1
2020-09-01 07:07:20 status half-configured dmidecode:amd64 3.2-1
2020-09-01 07:07:20 status installed dmidecode:amd64 3.2-1
2020-09-01 07:07:20 configure libbsd0:amd64 0.9.1-2 <none>
2020-09-01 07:07:20 status unpacked libbsd0:amd64 0.9.1-2
2020-09-01 07:07:20 status half-configured libbsd0:amd64 0.9.1-2
2020-09-01 07:07:21 status installed libbsd0:amd64 0.9.1-2
2020-09-01 07:07:21 configure libelf1:amd64 0.176-1.1 <none>
2020-09-01 07:07:21 status unpacked libelf1:amd64 0.176-1.1
2020-09-01 07:07:21 status half-configured libelf1:amd64 0.176-1.1
2020-09-01 07:07:21 status installed libelf1:amd64 0.176-1.1
2020-09-01 07:07:21 configure libdns-export1104:amd64 1:9.11.5.P4+dfsg-5.1+deb10u1 <none>
2020-09-01 07:07:21 status unpacked libdns-export1104:amd64 1:9.11.5.P4+dfsg-5.1+deb10u1
2020-09-01 07:07:21 status half-configured libdns-export1104:amd64 1:9.11.5.P4+dfsg-5.1+deb10u1
2020-09-01 07:07:21 status installed libdns-export1104:amd64 1:9.11.5.P4+dfsg-5.1+deb10u1
2020-09-01 07:07:21 configure iputils-ping:amd64 3:20180629-2+deb10u1 <none>
2020-09-01 07:07:21 status unpacked iputils-ping:amd64 3:20180629-2+deb10u1
2020-09-01 07:07:21 status half-configured iputils-ping:amd64 3:20180629-2+deb10u1
2020-09-01 07:07:21 status installed iputils-ping:amd64 3:20180629-2+deb10u1
2020-09-01 07:07:21 configure readline-common:all 7.0-5 <none>
2020-09-01 07:07:21 status unpacked readline-common:all 7.0-5
2020-09-01 07:07:21 status half-configured readline-common:all 7.0-5
2020-09-01 07:07:21 status installed readline-common:all 7.0-5
2020-09-01 07:07:21 configure liblocale-gettext-perl:amd64 1.07-3+b4 <none>
2020-09-01 07:07:21 status unpacked liblocale-gettext-perl:amd64 1.07-3+b4
2020-09-01 07:07:21 status half-configured liblocale-gettext-perl:amd64 1.07-3+b4
2020-09-01 07:07:21 status installed liblocale-gettext-perl:amd64 1.07-3+b4
2020-09-01 07:07:22 configure libpopt0:amd64 1.16-12 <none>
2020-09-01 07:07:22 status unpacked libpopt0:amd64 1.16-12
2020-09-01 07:07:22 status half-configured libpopt0:amd64 1.16-12
2020-09-01 07:07:22 status installed libpopt0:amd64 1.16-12
2020-09-01 07:07:22 configure logrotate:amd64 3.14.0-4 <none>
2020-09-01 07:07:22 status unpacked logrotate:amd64 3.14.0-4
2020-09-01 07:07:22 status half-configured logrotate:amd64 3.14.0-4
2020-09-01 07:07:22 status installed logrotate:amd64 3.14.0-4
2020-09-01 07:07:22 configure libnewt0.52:amd64 0.52.20-8 <none>
2020-09-01 07:07:22 status unpacked libnewt0.52:amd64 0.52.20-8
2020-09-01 07:07:23 status half-configured libnewt0.52:amd64 0.52.20-8
2020-09-01 07:07:23 status installed libnewt0.52:amd64 0.52.20-8
2020-09-01 07:07:23 configure apt-utils:amd64 1.8.2.1 <none>
2020-09-01 07:07:23 status unpacked apt-utils:amd64 1.8.2.1
2020-09-01 07:07:23 status half-configured apt-utils:amd64 1.8.2.1
2020-09-01 07:07:23 status installed apt-utils:amd64 1.8.2.1
2020-09-01 07:07:23 configure iproute2:amd64 4.20.0-2 <none>
2020-09-01 07:07:23 status unpacked iproute2:amd64 4.20.0-2
2020-09-01 07:07:24 status half-configured iproute2:amd64 4.20.0-2
2020-09-01 07:07:24 status installed iproute2:amd64 4.20.0-2
2020-09-01 07:07:24 configure cron:amd64 3.0pl1-134+deb10u1 <none>
2020-09-01 07:07:24 status unpacked cron:amd64 3.0pl1-134+deb10u1
2020-09-01 07:07:25 status half-configured cron:amd64 3.0pl1-134+deb10u1
2020-09-01 07:07:25 status installed cron:amd64 3.0pl1-134+deb10u1
2020-09-01 07:07:25 configure rsyslog:amd64 8.1901.0-1 <none>
2020-09-01 07:07:25 status unpacked rsyslog:amd64 8.1901.0-1
2020-09-01 07:07:26 status half-configured rsyslog:amd64 8.1901.0-1
2020-09-01 07:07:26 status installed rsyslog:amd64 8.1901.0-1
2020-09-01 07:07:26 configure isc-dhcp-client:amd64 4.4.1-2 <none>
2020-09-01 07:07:26 status unpacked isc-dhcp-client:amd64 4.4.1-2
2020-09-01 07:07:26 status half-configured isc-dhcp-client:amd64 4.4.1-2
2020-09-01 07:07:27 status installed isc-dhcp-client:amd64 4.4.1-2
2020-09-01 07:07:27 configure debconf-i18n:all 1.5.71 <none>
2020-09-01 07:07:27 status unpacked debconf-i18n:all 1.5.71
2020-09-01 07:07:27 status half-configured debconf-i18n:all 1.5.71
2020-09-01 07:07:27 status installed debconf-i18n:all 1.5.71
2020-09-01 07:07:27 configure libnftnl11:amd64 1.1.2-2 <none>
2020-09-01 07:07:27 status unpacked libnftnl11:amd64 1.1.2-2
2020-09-01 07:07:27 status half-configured libnftnl11:amd64 1.1.2-2
2020-09-01 07:07:27 status installed libnftnl11:amd64 1.1.2-2
2020-09-01 07:07:27 configure vim-tiny:amd64 2:8.1.0875-5 <none>
2020-09-01 07:07:27 status unpacked vim-tiny:amd64 2:8.1.0875-5
2020-09-01 07:07:27 status half-configured vim-tiny:amd64 2:8.1.0875-5
2020-09-01 07:07:28 status installed vim-tiny:amd64 2:8.1.0875-5
2020-09-01 07:07:28 configure ifupdown:amd64 0.8.35 <none>
2020-09-01 07:07:28 status unpacked ifupdown:amd64 0.8.35
2020-09-01 07:07:28 status half-configured ifupdown:amd64 0.8.35
2020-09-01 07:07:29 status installed ifupdown:amd64 0.8.35
2020-09-01 07:07:29 configure bsdmainutils:amd64 11.1.2+b1 <none>
2020-09-01 07:07:29 status unpacked bsdmainutils:amd64 11.1.2+b1
2020-09-01 07:07:29 status half-configured bsdmainutils:amd64 11.1.2+b1
2020-09-01 07:07:29 status installed bsdmainutils:amd64 11.1.2+b1
2020-09-01 07:07:29 configure whiptail:amd64 0.52.20-8 <none>
2020-09-01 07:07:29 status unpacked whiptail:amd64 0.52.20-8
2020-09-01 07:07:29 status half-configured whiptail:amd64 0.52.20-8
2020-09-01 07:07:29 status installed whiptail:amd64 0.52.20-8
2020-09-01 07:07:29 configure libnetfilter-conntrack3:amd64 1.0.7-1 <none>
2020-09-01 07:07:29 status unpacked libnetfilter-conntrack3:amd64 1.0.7-1
2020-09-01 07:07:29 status half-configured libnetfilter-conntrack3:amd64 1.0.7-1
2020-09-01 07:07:30 status installed libnetfilter-conntrack3:amd64 1.0.7-1
2020-09-01 07:07:30 configure iptables:amd64 1.8.2-4 <none>
2020-09-01 07:07:30 status unpacked iptables:amd64 1.8.2-4
2020-09-01 07:07:30 status half-configured iptables:amd64 1.8.2-4
2020-09-01 07:07:30 status installed iptables:amd64 1.8.2-4
2020-09-01 07:07:30 configure tasksel-data:all 3.53 <none>
2020-09-01 07:07:30 status unpacked tasksel-data:all 3.53
2020-09-01 07:07:30 status half-configured tasksel-data:all 3.53
2020-09-01 07:07:30 status installed tasksel-data:all 3.53
2020-09-01 07:07:30 configure tasksel:all 3.53 <none>
2020-09-01 07:07:30 status unpacked tasksel:all 3.53
2020-09-01 07:07:30 status half-configured tasksel:all 3.53
2020-09-01 07:07:31 status installed tasksel:all 3.53
2020-09-01 07:07:31 trigproc libc-bin:amd64 2.28-10 <none>
2020-09-01 07:07:31 status half-configured libc-bin:amd64 2.28-10
2020-09-01 07:07:31 status installed libc-bin:amd64 2.28-10
2020-09-01 07:07:31 trigproc systemd:amd64 241-7~deb10u4 <none>
2020-09-01 07:07:31 status half-configured systemd:amd64 241-7~deb10u4
2020-09-01 07:07:31 status installed systemd:amd64 241-7~deb10u4
